"../../../Engine/Content/EditorBlueprintResources/StandardMacros.uasset" 0
"../../../../../../Users/s192070/OneDrive - Academy of Interactive Entertainment/UE4_Projects/Convergence/Content/_ConvergencePoint/Blueprints/Struct/SubtitleStruct.uasset" 1
"../../../../../../Users/s192070/OneDrive - Academy of Interactive Entertainment/UE4_Projects/Convergence/Content/_ConvergencePoint/Widgets/UI/Century_Gothic_400.uasset" 2
"../../../../../../Users/s192070/OneDrive - Academy of Interactive Entertainment/UE4_Projects/Convergence/Content/_ConvergencePoint/Widgets/UI/Century_Gothic_400_Font.uasset" 3
"../../../../../../Users/s192070/OneDrive - Academy of Interactive Entertainment/UE4_Projects/Convergence/Content/_ConvergencePoint/Widgets/UI/UI_text_bc.uasset" 4
"../../../../../../Users/s192070/OneDrive - Academy of Interactive Entertainment/UE4_Projects/Convergence/Content/_ConvergencePoint/Widgets/MainWidgets/SubtitlesBP.uasset" 5
"../../../../../../Users/s192070/OneDrive - Academy of Interactive Entertainment/UE4_Projects/Convergence/Content/_ConvergencePoint/Blueprints/SubtitlesManager.uasset" 6
"../../../../../../Users/s192070/OneDrive - Academy of Interactive Entertainment/UE4_Projects/Convergence/Content/_ConvergencePoint/Dialogue/NarrationSubtitleList.uasset" 7
"../../../../../../Users/s192070/OneDrive - Academy of Interactive Entertainment/UE4_Projects/Convergence/Content/_ConvergencePoint/Audio/Files/Convergence_Point-2020-10-29.uasset" 8
"../../../../../../Users/s192070/OneDrive - Academy of Interactive Entertainment/UE4_Projects/Convergence/Content/_ConvergencePoint/Animation/BeatNarration_LS.uasset" 9
"../../../../../../Users/s192070/OneDrive - Academy of Interactive Entertainment/UE4_Projects/Convergence/Content/_ConvergencePoint/Assets/Robot/SK_robot_Skeleton.uasset" 10
"../../../../../../Users/s192070/OneDrive - Academy of Interactive Entertainment/UE4_Projects/Convergence/Content/_ConvergencePoint/Audio/Files/jetpack.uasset" 11
"../../../../../../Users/s192070/OneDrive - Academy of Interactive Entertainment/UE4_Projects/Convergence/Content/_ConvergencePoint/Audio/JetpackSound_Cue.uasset" 12
"../../../../../../Users/s192070/OneDrive - Academy of Interactive Entertainment/UE4_Projects/Convergence/Content/_ConvergencePoint/Assets/Robot/Animation/Anim_Robot_flyEnd.uasset" 13
"../../../../../../Users/s192070/OneDrive - Academy of Interactive Entertainment/UE4_Projects/Convergence/Content/_ConvergencePoint/Animation/Shots/EndCutSceneShot02.uasset" 14
"../../../../../../Users/s192070/OneDrive - Academy of Interactive Entertainment/UE4_Projects/Convergence/Content/_ConvergencePoint/Animation/EndCutScene_LS.uasset" 15
"../../../../../../Users/s192070/OneDrive - Academy of Interactive Entertainment/UE4_Projects/Convergence/Content/_ConvergencePoint/Animation/Shots/NewAreaShot01.uasset" 16
"../../../../../../Users/s192070/OneDrive - Academy of Interactive Entertainment/UE4_Projects/Convergence/Content/_ConvergencePoint/Animation/NewAreaCutScene_LS.uasset" 17
"../../../../../../Users/s192070/OneDrive - Academy of Interactive Entertainment/UE4_Projects/Convergence/Content/_ConvergencePoint/Animation/TurtleShot_LS.uasset" 18
"../../../Engine/Content/Animation/DefaultAnimCurveCompressionSettings.uasset" 19
"../../../Engine/Content/Functions/Engine_MaterialFunctions01/Opacity/CameraDepthFade.uasset" 20
"../../../Engine/Content/EngineMaterials/T_Default_Material_Grid_M.uasset" 21
"../../../Engine/Content/EngineMaterials/T_Default_Material_Grid_N.uasset" 22
"../../../Engine/Content/EngineMaterials/WorldGridMaterial.uasset" 23
"../../../Engine/Content/ArtTools/RenderToTexture/Meshes/S_1_Unit_Plane.uasset" 24
"../../../Engine/Content/EngineMaterials/DefaultMaterial.uasset" 25
"../../../Engine/Content/BasicShapes/Cone.uasset" 26
"../../../Engine/Content/BasicShapes/Cube.uasset" 27
"../../../Engine/Content/BasicShapes/Cylinder.uasset" 28
"../../../Engine/Content/BasicShapes/Sphere.uasset" 29
"../../../Engine/Content/EditorLandscapeResources/DataLayer.uasset" 30
"../../../Engine/Content/EditorMaterials/GizmoMaterial.uasset" 31
"../../../Engine/Content/EditorMaterials/MAT_Groups_Toggle.uasset" 32
"../../../Engine/Content/EditorMaterials/MAT_Groups_Visibility.uasset" 33
"../../../Engine/Content/EditorMaterials/PreviewShadowIndicator.uasset" 34
"../../../Engine/Content/EditorMaterials/PreviewShadowIndicatorMaterial.uasset" 35
"../../../Engine/Content/EditorMaterials/MatineeGroups/MAT_ColorTrack.uasset" 36
"../../../Engine/Content/EditorMaterials/MatineeGroups/MAT_Groups_Anim.uasset" 37
"../../../Engine/Content/EditorMaterials/MatineeGroups/MAT_Groups_AudioMaster.uasset" 38
"../../../Engine/Content/EditorMaterials/MatineeGroups/MAT_Groups_Director.uasset" 39
"../../../Engine/Content/EditorMaterials/MatineeGroups/MAT_Groups_Event.uasset" 40
"../../../Engine/Content/EditorMaterials/MatineeGroups/MAT_Groups_Fade.uasset" 41
"../../../Engine/Content/EditorMaterials/MatineeGroups/MAT_Groups_Float.uasset" 42
"../../../Engine/Content/EditorMaterials/MatineeGroups/MAT_Groups_Move.uasset" 43
"../../../Engine/Content/EditorMaterials/MatineeGroups/MAT_Groups_Slomo.uasset" 44
"../../../Engine/Content/EditorMaterials/MatineeGroups/MAT_Groups_Sound.uasset" 45
"../../../Engine/Content/EditorMaterials/MatineeGroups/MAT_Groups_Vector.uasset" 46
"../../../Engine/Content/EditorMaterials/ParticleSystems/PSysThumbnail_NoImage.uasset" 47
"../../../Engine/Content/EditorMaterials/ParticleSystems/PSysThumbnail_OOD.uasset" 48
"../../../Engine/Content/EditorMaterials/Camera/CineMat.uasset" 49
"../../../Engine/Content/EditorMaterials/Camera/MI_CineMat_Rig.uasset" 50
"../../../Engine/Content/EditorMeshes/Camera/SM_CraneRig_Arm.uasset" 51
"../../../Engine/Content/EditorMeshes/Camera/SM_CraneRig_Base.uasset" 52
"../../../Engine/Content/EditorMeshes/Camera/SM_CraneRig_Body.uasset" 53
"../../../Engine/Content/EditorMeshes/Camera/SM_CraneRig_Mount.uasset" 54
"../../../Engine/Content/EditorMeshes/Camera/SM_RailRig_Mount.uasset" 55
"../../../Engine/Content/EditorMeshes/Camera/SM_RailRig_Track.uasset" 56
"../../../Engine/Content/EditorResources/BSPVertex.uasset" 57
"../../../Engine/Content/EditorResources/EmptyActor.uasset" 58
"../../../Engine/Content/EditorResources/S_Actor.uasset" 59
"../../../Engine/Content/EditorResources/S_Note.uasset" 60
"../../../Engine/Content/EditorResources/S_Solver.uasset" 61
"../../../Engine/Content/EditorResources/S_Trigger.uasset" 62
"../../../Engine/Content/EditorResources/Waypoint.uasset" 63
"../../../Engine/Content/EditorResources/AudioIcons/S_AudioComponent.uasset" 64
"../../../Engine/Content/EditorResources/AudioIcons/S_AudioComponent_AutoActivate.uasset" 65
"../../../Engine/Content/EditorResources/LightIcons/S_LightError.uasset" 66
"../../../Engine/Content/EditorResources/SequenceRecorder/Countdown.uasset" 67
"../../../Engine/Content/EditorResources/SequenceRecorder/RecordingIndicator.uasset" 68
"../../../Engine/Content/EditorSounds/Notifications/CompileFailed.uasset" 69
"../../../Engine/Content/EditorSounds/Notifications/CompileFailed_Cue.uasset" 70
"../../../Engine/Content/EditorSounds/Notifications/CompileSuccess.uasset" 71
"../../../Engine/Content/EditorSounds/Notifications/CompileStart_Cue.uasset" 72
"../../../Engine/Content/EditorSounds/Notifications/CompileSuccess_Cue.uasset" 73
"../../../Engine/Content/EngineDamageTypes/DmgTypeBP_Environmental.uasset" 74
"../../../Engine/Content/EngineDebugMaterials/HeatmapGradient.uasset" 75
"../../../Engine/Content/EngineDebugMaterials/BoneWeightMaterial.uasset" 76
"../../../Engine/Content/EngineDebugMaterials/ClothMaterial.uasset" 77
"../../../Engine/Content/EngineDebugMaterials/ClothMaterial_WF.uasset" 78
"../../../Engine/Content/EngineDebugMaterials/DebugEditorMaterial.uasset" 79
"../../../Engine/Content/EngineDebugMaterials/DebugMeshMaterial.uasset" 80
"../../../Engine/Content/EngineDebugMaterials/GeomMaterial.uasset" 81
"../../../Engine/Content/EngineDebugMaterials/M_SimpleTranslucent.uasset" 82
"../../../Engine/Content/Functions/Engine_MaterialFunctions02/Utility/CameraDirectionVector.uasset" 83
"../../../Engine/Content/EngineDebugMaterials/VolumeToRender.uasset" 84
"../../../Engine/Content/EngineDebugMaterials/M_VolumeRenderSphereTracePP.uasset" 85
"../../../Engine/Content/EngineDebugMaterials/TargetIcon.uasset" 86
"../../../Engine/Content/EngineDebugMaterials/WireframeMaterial.uasset" 87
"../../../Engine/Content/EngineFonts/Faces/RobotoBold.uasset" 88
"../../../Engine/Content/EngineFonts/Faces/RobotoBoldItalic.uasset" 89
"../../../Engine/Content/EngineFonts/Faces/RobotoItalic.uasset" 90
"../../../Engine/Content/EngineFonts/Faces/RobotoLight.uasset" 91
"../../../Engine/Content/EngineFonts/Faces/RobotoRegular.uasset" 92
"../../../Engine/Content/EngineFonts/Roboto.uasset" 93
"../../../Engine/Content/EngineMaterials/BaseFlattenDiffuseMap.uasset" 94
"../../../Engine/Content/EngineMaterials/BaseFlattenEmissiveMap.uasset" 95
"../../../Engine/Content/EngineMaterials/BaseFlattenGrayscaleMap.uasset" 96
"../../../Engine/Content/EngineMaterials/BaseFlattenNormalMap.uasset" 97
"../../../Engine/Content/EngineMaterials/BaseFlattenMaterial.uasset" 98
"../../../Engine/Content/EngineMaterials/BlueNoise.uasset" 99
"../../../Engine/Content/EngineMaterials/DefaultBloomKernel.uasset" 100
"../../../Engine/Content/EngineMaterials/DefaultBokeh.uasset" 101
"../../../Engine/Content/EngineMaterials/DefaultDiffuse.uasset" 102
"../../../Engine/Content/EngineMaterials/DefaultDeferredDecalMaterial.uasset" 103
"../../../Engine/Content/EngineMaterials/DefaultLightFunctionMaterial.uasset" 104
"../../../Engine/Content/Functions/Engine_MaterialFunctions02/Utility/BreakOutFloat2Components.uasset" 105
"../../../Engine/Content/EngineMaterials/DefaultPostProcessMaterial.uasset" 106
"../../../Engine/Content/EngineFonts/RobotoDistanceField.uasset" 107
"../../../Engine/Content/EngineMaterials/DefaultTextMaterialOpaque.uasset" 108
"../../../Engine/Content/EngineMaterials/DefaultVirtualTextureMaterial.uasset" 109
"../../../Engine/Content/EngineMaterials/DefaultWhiteGrid.uasset" 110
"../../../Engine/Content/EngineMaterials/EditorBrushMaterial.uasset" 111
"../../../Engine/Content/EngineMaterials/DefaultWhiteGrid_Low.uasset" 112
"../../../Engine/Content/EngineMaterials/EmissiveMeshMaterial.uasset" 113
"../../../Engine/Content/EngineMaterials/Good64x64TilingNoiseHighFreq.uasset" 114
"../../../Engine/Content/EngineMaterials/MiniFont.uasset" 115
"../../../Engine/Content/EngineMaterials/InvalidLightmapSettings.uasset" 116
"../../../Engine/Content/EngineMaterials/M_InvalidLightmapSettings.uasset" 117
"../../../Engine/Content/Functions/Engine_MaterialFunctions02/WorldPositionOffset/CameraOffset.uasset" 118
"../../../Engine/Content/EngineMaterials/PhAT_JointLimitMaterial.uasset" 119
"../../../Engine/Content/EngineMaterials/PreintegratedSkinBRDF.uasset" 120
"../../../Engine/Content/EngineMaterials/RemoveSurfaceMaterial.uasset" 121
"../../../Engine/Content/EngineMaterials/WeightMapPlaceholderTexture.uasset" 122
"../../../Engine/Content/EngineResources/WhiteSquareTexture.uasset" 123
"../../../Engine/Content/EngineMaterials/Widget3DPassThrough.uasset" 124
"../../../Engine/Content/EngineMaterials/Widget3DPassThrough_Masked.uasset" 125
"../../../Engine/Content/EngineMaterials/Widget3DPassThrough_Opaque.uasset" 126
"../../../Engine/Content/EngineMaterials/Widget3DPassThrough_Masked_OneSided.uasset" 127
"../../../Engine/Content/EngineMaterials/Widget3DPassThrough_Opaque_OneSided.uasset" 128
"../../../Engine/Content/EngineMaterials/Widget3DPassThrough_Translucent.uasset" 129
"../../../Engine/Content/EngineMaterials/Widget3DPassThrough_Translucent_OneSided.uasset" 130
"../../../Engine/Content/EngineMeshes/Cylinder.uasset" 131
"../../../Engine/Content/EngineMeshes/Sphere.uasset" 132
"../../../Engine/Content/EngineResources/DefaultTexture.uasset" 133
"../../../Engine/Content/EngineResources/DefaultTextureCube.uasset" 134
"../../../Engine/Content/EngineResources/DefaultVolumeTexture2D.uasset" 135
"../../../Engine/Content/EngineResources/DefaultVolumeTexture.uasset" 136
"../../../Engine/Content/EngineResources/GradientTexture0.uasset" 137
"../../../Engine/Content/EngineSounds/Master.uasset" 138
"../../../Engine/Content/Functions/Engine_MaterialFunctions01/Shading/ConvertFromDiffSpec.uasset" 139
"../../../Engine/Content/Functions/Engine_MaterialFunctions01/Shading/PowerToRoughness.uasset" 140
"../../../Engine/Content/Maps/Templates/Thumbnails/Default.uasset" 141
"../../../Engine/Content/Maps/Templates/Thumbnails/VR-Basic.uasset" 142
"../../../Engine/Content/MobileResources/T_MobileControls_texture.uasset" 143
"../../../Engine/Content/MobileResources/T_MobileMenu2.uasset" 144
"../../../Engine/Content/MobileResources/HUD/AnalogHat.uasset" 145
"../../../Engine/Content/MobileResources/HUD/VirtualJoystick_Background.uasset" 146
"../../../Engine/Content/MobileResources/HUD/VirtualJoystick_Thumb.uasset" 147
"../../../Engine/Content/MobileResources/HUD/DefaultVirtualJoysticks.uasset" 148
"../../../Engine/Content/MobileResources/HUD/LeftVirtualJoystickOnly.uasset" 149
"../../../Engine/Content/MobileResources/HUD/MobileHUDButton1_off.uasset" 150
"../../../Engine/Content/MobileResources/HUD/MobileHUDButton1_on.uasset" 151
"../../../Engine/Content/MobileResources/HUD/MobileHUDButton2_off.uasset" 152
"../../../Engine/Content/MobileResources/HUD/MobileHUDButton2_on.uasset" 153
"../../../Engine/Content/MobileResources/HUD/MobileHUDButton3.uasset" 154
"../../../Engine/Content/MobileResources/HUD/MobileHUDButtonFire.uasset" 155
"../../../Engine/Content/MobileResources/HUD/MobileHUDDirectionPad.uasset" 156
"../../../Engine/Content/MobileResources/HUD/MobileHUDDirectionPad2.uasset" 157
"../../../Engine/Content/MobileResources/HUD/MobileHUDDirectionPad3.uasset" 158
"../../../Engine/Content/MobileResources/HUD/MobileHUDDirectionStick.uasset" 159
"../../../Engine/Content/MobileResources/HUD/T_Castle_ThumbstickInner.uasset" 160
"../../../Engine/Content/MobileResources/HUD/T_Castle_ThumbstickOutter.uasset" 161
"../../../Engine/Content/Tutorial/ContentIntroCurve.uasset" 162
"../../../Engine/Content/Tutorial/Basics/LevelEditorAttract.uasset" 163
"../../../Engine/Content/VREditor/LaserPointer/VR_LaserPower_01.uasset" 164
"../../../Engine/Content/VREditor/TransformGizmo/TransformGizmoMaterial.uasset" 165
"../../../Engine/Content/VREditor/TransformGizmo/TranslucentTransformGizmoMaterial.uasset" 166
"../../../Engine/Content/VREditor/TransformGizmo/BoundingBoxCorner.uasset" 167
"../../../Engine/Content/VREditor/TransformGizmo/BoundingBoxEdge.uasset" 168
"../../../Engine/Content/VREditor/TransformGizmo/PlaneTranslationHandle.uasset" 169
"../../../Engine/Content/VREditor/TransformGizmo/Main.uasset" 170
"../../../Engine/Content/VREditor/TransformGizmo/Xray.uasset" 171
"../../../Engine/Content/VREditor/TransformGizmo/SM_Sequencer_Key.uasset" 172
"../../../Engine/Content/VREditor/TransformGizmo/SM_Sequencer_Node.uasset" 173
"../../Plugins/2D/Paper2D/Content/PlaceholderTextures/DummySpriteTexture.uasset" 174
"../../Plugins/2D/Paper2D/Content/DummySprite.uasset" 175
"../../Plugins/2D/Paper2D/Content/DefaultPaperTerrainMaterial.uasset" 176
"../../Plugins/2D/Paper2D/Content/DummySpriteTexture.uasset" 177
"../../Plugins/2D/Paper2D/Content/DefaultSpriteMaterial.uasset" 178
"../../Plugins/2D/Paper2D/Content/MaskedUnlitSpriteMaterial.uasset" 179
"../../Plugins/2D/Paper2D/Content/OpaqueUnlitSpriteMaterial.uasset" 180
"../../Plugins/Runtime/Oculus/OculusVR/Content/OculusMR_RenderTarget.uasset" 181
"../../../Engine/Content/Functions/Engine_MaterialFunctions02/Utility/BreakOutFloat4Components.uasset" 182
"../../../Engine/Content/Functions/Engine_MaterialFunctions02/Utility/MakeFloat2.uasset" 183
"../../../Engine/Content/Functions/Engine_MaterialFunctions02/Utility/MakeFloat3.uasset" 184
"../../Plugins/Runtime/Oculus/OculusVR/Content/Materials/OculusMR_ChromaKey.uasset" 185
"../../Plugins/Runtime/Oculus/OculusVR/Content/Materials/OculusMR_ChromaKey_Lit.uasset" 186
"../../Plugins/Runtime/Oculus/OculusVR/Content/Materials/OculusMR_OpaqueColoredMaterial.uasset" 187
"../../Plugins/Runtime/Oculus/OculusVR/Content/Materials/OculusMR_WhiteMaterial.uasset" 188
"../../../../../../Users/s192070/OneDrive - Academy of Interactive Entertainment/UE4_Projects/Convergence/Plugins/FlockingSystem/Content/FlockIcon.uasset" 189
"../../../../../../Users/s192070/OneDrive - Academy of Interactive Entertainment/UE4_Projects/Convergence/Content/_ConvergencePoint/Assets/PocketWatch/Watch_Body_BC.uasset" 190
"../../../../../../Users/s192070/OneDrive - Academy of Interactive Entertainment/UE4_Projects/Convergence/Content/_ConvergencePoint/Assets/PocketWatch/Watch_Body_N.uasset" 191
"../../../../../../Users/s192070/OneDrive - Academy of Interactive Entertainment/UE4_Projects/Convergence/Content/_ConvergencePoint/Assets/PocketWatch/Watch_Body_ORM.uasset" 192
"../../../../../../Users/s192070/OneDrive - Academy of Interactive Entertainment/UE4_Projects/Convergence/Content/_ConvergencePoint/Assets/PocketWatch/MAT_Watch_Body.uasset" 193
"../../../../../../Users/s192070/OneDrive - Academy of Interactive Entertainment/UE4_Projects/Convergence/Content/_ConvergencePoint/Assets/PocketWatch/Watch_glass_BC.uasset" 194
"../../../../../../Users/s192070/OneDrive - Academy of Interactive Entertainment/UE4_Projects/Convergence/Content/_ConvergencePoint/Assets/PocketWatch/Watch_Glass_N.uasset" 195
"../../../../../../Users/s192070/OneDrive - Academy of Interactive Entertainment/UE4_Projects/Convergence/Content/_ConvergencePoint/Assets/PocketWatch/Watch_Glass_ORM.uasset" 196
"../../../../../../Users/s192070/OneDrive - Academy of Interactive Entertainment/UE4_Projects/Convergence/Content/_ConvergencePoint/Assets/PocketWatch/MAT_Watch_Glss.uasset" 197
"../../../../../../Users/s192070/OneDrive - Academy of Interactive Entertainment/UE4_Projects/Convergence/Content/_ConvergencePoint/Assets/PocketWatch/SM_PocketWatch.uasset" 198
"../../../Engine/Content/Functions/Engine_MaterialFunctions01/Density/ExponentialDensity.uasset" 199
"../../../Engine/Content/Functions/Engine_MaterialFunctions01/Gradient/RadialGradientExponential.uasset" 200
"../../../Engine/Content/Functions/Engine_MaterialFunctions01/WorldPositionOffset/SimpleGrassWind.uasset" 201
"../../../../../../Users/s192070/OneDrive - Academy of Interactive Entertainment/UE4_Projects/Convergence/Content/_ConvergencePoint/Assets/Corals_02/Textures/T_Corals_atlas_BaseColor.uasset" 202
"../../../../../../Users/s192070/OneDrive - Academy of Interactive Entertainment/UE4_Projects/Convergence/Content/_ConvergencePoint/Assets/Corals_02/Textures/T_Corals_atlas_Emissive.uasset" 203
"../../../../../../Users/s192070/OneDrive - Academy of Interactive Entertainment/UE4_Projects/Convergence/Content/_ConvergencePoint/Assets/Corals_02/Textures/T_Corals_atlas_Normal.uasset" 204
"../../../../../../Users/s192070/OneDrive - Academy of Interactive Entertainment/UE4_Projects/Convergence/Content/_ConvergencePoint/Assets/Corals_02/Textures/T_Corals_atlas_ORM.uasset" 205
"../../../../../../Users/s192070/OneDrive - Academy of Interactive Entertainment/UE4_Projects/Convergence/Content/_ConvergencePoint/Assets/Rocks/Texture/Rocks_atlas_Disp.uasset" 206
"../../../../../../Users/s192070/OneDrive - Academy of Interactive Entertainment/UE4_Projects/Convergence/Content/_ConvergencePoint/Material/M_Master.uasset" 207
"../../../Engine/Content/EngineResources/Black.uasset" 208
"../../../../../../Users/s192070/OneDrive - Academy of Interactive Entertainment/UE4_Projects/Convergence/Content/_ConvergencePoint/Assets/Sphinx/Textures/T_Sphinx_atlas_BaseColor.uasset" 209
"../../../../../../Users/s192070/OneDrive - Academy of Interactive Entertainment/UE4_Projects/Convergence/Content/_ConvergencePoint/Assets/Sphinx/Textures/T_Sphinx_atlas_Normal.uasset" 210
"../../../../../../Users/s192070/OneDrive - Academy of Interactive Entertainment/UE4_Projects/Convergence/Content/_ConvergencePoint/Assets/Sphinx/Textures/T_Sphinx_atlas_ORM.uasset" 211
"../../../../../../Users/s192070/OneDrive - Academy of Interactive Entertainment/UE4_Projects/Convergence/Content/_ConvergencePoint/Assets/Sphinx/Mat/Sphinx_MI.uasset" 212
"../../../../../../Users/s192070/OneDrive - Academy of Interactive Entertainment/UE4_Projects/Convergence/Content/_ConvergencePoint/Assets/Sphinx/SM_sphinx_butt_low.uasset" 213
"../../../../../../Users/s192070/OneDrive - Academy of Interactive Entertainment/UE4_Projects/Convergence/Content/_ConvergencePoint/Assets/Sphinx/SM_sphinx_head_low.uasset" 214
"../../../../../../Users/s192070/OneDrive - Academy of Interactive Entertainment/UE4_Projects/Convergence/Content/_ConvergencePoint/Assets/Sphinx/SM_sphinx_L_hand_low.uasset" 215
"../../../../../../Users/s192070/OneDrive - Academy of Interactive Entertainment/UE4_Projects/Convergence/Content/_ConvergencePoint/Assets/StatueOfLiberty/Textures/T_StatueAtlas_BaseColor.uasset" 216
"../../../../../../Users/s192070/OneDrive - Academy of Interactive Entertainment/UE4_Projects/Convergence/Content/_ConvergencePoint/Assets/StatueOfLiberty/Textures/T_StatueAtlas_Normal.uasset" 217
"../../../../../../Users/s192070/OneDrive - Academy of Interactive Entertainment/UE4_Projects/Convergence/Content/_ConvergencePoint/Assets/StatueOfLiberty/Textures/T_StatueAtlas_ORM.uasset" 218
"../../../../../../Users/s192070/OneDrive - Academy of Interactive Entertainment/UE4_Projects/Convergence/Content/_ConvergencePoint/Assets/StatueOfLiberty/Textures/M_StatueAtlas_Inst.uasset" 219
"../../../../../../Users/s192070/OneDrive - Academy of Interactive Entertainment/UE4_Projects/Convergence/Content/_ConvergencePoint/Assets/StatueOfLiberty/Head/SM_Liberty_Head.uasset" 220
"../../../../../../Users/s192070/OneDrive - Academy of Interactive Entertainment/UE4_Projects/Convergence/Content/_ConvergencePoint/Assets/StatueOfLiberty/Tablet/SM_Tablet.uasset" 221
"../../../../../../Users/s192070/OneDrive - Academy of Interactive Entertainment/UE4_Projects/Convergence/Content/_ConvergencePoint/Assets/StatueOfLiberty/Torch/SM_Liberty_Torch.uasset" 222
"../../../../../../Users/s192070/OneDrive - Academy of Interactive Entertainment/UE4_Projects/Convergence/Content/_ConvergencePoint/Material/LogbookMaterials/Monument_UI_RTT.uasset" 223
"../../../../../../Users/s192070/OneDrive - Academy of Interactive Entertainment/UE4_Projects/Convergence/Content/_ConvergencePoint/Blueprints/BP_MonumentRTT.uasset" 224
"../../../../../../Users/s192070/OneDrive - Academy of Interactive Entertainment/UE4_Projects/Convergence/Content/_ConvergencePoint/Assets/Robot/Animation/Anim_Robot_idle.uasset" 225
"../../../../../../Users/s192070/OneDrive - Academy of Interactive Entertainment/UE4_Projects/Convergence/Content/_ConvergencePoint/Assets/Robot/Animation/Anim_Robot_jumpEnd.uasset" 226
"../../../../../../Users/s192070/OneDrive - Academy of Interactive Entertainment/UE4_Projects/Convergence/Content/_ConvergencePoint/Assets/Robot/Animation/Anim_Robot_jumpLoop.uasset" 227
"../../../../../../Users/s192070/OneDrive - Academy of Interactive Entertainment/UE4_Projects/Convergence/Content/_ConvergencePoint/Assets/Robot/Animation/Anim_Robot_jumpStart.uasset" 228
"../../../../../../Users/s192070/OneDrive - Academy of Interactive Entertainment/UE4_Projects/Convergence/Content/_ConvergencePoint/Assets/Robot/Animation/Anim_Robot_run.uasset" 229
"../../../../../../Users/s192070/OneDrive - Academy of Interactive Entertainment/UE4_Projects/Convergence/Content/_ConvergencePoint/Audio/Files/Foot_Step.uasset" 230
"../../../../../../Users/s192070/OneDrive - Academy of Interactive Entertainment/UE4_Projects/Convergence/Content/_ConvergencePoint/Audio/FootstepSound_Cue.uasset" 231
"../../../../../../Users/s192070/OneDrive - Academy of Interactive Entertainment/UE4_Projects/Convergence/Content/_ConvergencePoint/Assets/Robot/Animation/Anim_Robot_walk.uasset" 232
"../../../../../../Users/s192070/OneDrive - Academy of Interactive Entertainment/UE4_Projects/Convergence/Content/_ConvergencePoint/Blueprints/HighLevelBP/Interaction.uasset" 233
"../../../../../../Users/s192070/OneDrive - Academy of Interactive Entertainment/UE4_Projects/Convergence/Content/FirstPersonBP/Blueprints/FirstPersonHUD.uasset" 234
"../../../../../../Users/s192070/OneDrive - Academy of Interactive Entertainment/UE4_Projects/Convergence/Content/_ConvergencePoint/Blueprints/HighLevelBP/MyGameMode.uasset" 235
"../../../../../../Users/s192070/OneDrive - Academy of Interactive Entertainment/UE4_Projects/Convergence/Content/_ConvergencePoint/Blueprints/Enums/PlayerInteractionStates.uasset" 236
"../../../../../../Users/s192070/OneDrive - Academy of Interactive Entertainment/UE4_Projects/Convergence/Content/_ConvergencePoint/Blueprints/Enums/ScanningOrUploading.uasset" 237
"../../../../../../Users/s192070/OneDrive - Academy of Interactive Entertainment/UE4_Projects/Convergence/Content/_ConvergencePoint/Blueprints/HighLevelBP/MyFunctionLibrary.uasset" 238
"../../../../../../Users/s192070/OneDrive - Academy of Interactive Entertainment/UE4_Projects/Convergence/Content/_ConvergencePoint/Blueprints/MyShake.uasset" 239
"../../../../../../Users/s192070/OneDrive - Academy of Interactive Entertainment/UE4_Projects/Convergence/Content/_ConvergencePoint/Blueprints/Struct/ObjectDescriptionStruct.uasset" 240
"../../../../../../Users/s192070/OneDrive - Academy of Interactive Entertainment/UE4_Projects/Convergence/Content/_ConvergencePoint/Blueprints/Struct/ObjectStruct.uasset" 241
"../../../../../../Users/s192070/OneDrive - Academy of Interactive Entertainment/UE4_Projects/Convergence/Content/_ConvergencePoint/Blueprints/Macros/CustomLoopForWidgets.uasset" 242
"../../../Engine/Content/Functions/Engine_MaterialFunctions01/Texturing/ScaleUVsByCenter.uasset" 243
"../../../Engine/Content/Functions/Engine_MaterialFunctions02/3PointLevels.uasset" 244
"../../../../../../Users/s192070/OneDrive - Academy of Interactive Entertainment/UE4_Projects/Convergence/Content/_ConvergencePoint/Widgets/UI/UI_04.uasset" 245
"../../../../../../Users/s192070/OneDrive - Academy of Interactive Entertainment/UE4_Projects/Convergence/Content/StarterContent/Textures/T_Water_M.uasset" 246
"../../../../../../Users/s192070/OneDrive - Academy of Interactive Entertainment/UE4_Projects/Convergence/Content/_ConvergencePoint/Material/M_Sci_Scanner_Widget.uasset" 247
"../../../../../../Users/s192070/OneDrive - Academy of Interactive Entertainment/UE4_Projects/Convergence/Content/_ConvergencePoint/Widgets/UI/Energy.uasset" 248
"../../../../../../Users/s192070/OneDrive - Academy of Interactive Entertainment/UE4_Projects/Convergence/Content/_ConvergencePoint/Widgets/UI/Energy_bc.uasset" 249
"../../../../../../Users/s192070/OneDrive - Academy of Interactive Entertainment/UE4_Projects/Convergence/Content/_ConvergencePoint/Widgets/UI/Energy_glow.uasset" 250
"../../../../../../Users/s192070/OneDrive - Academy of Interactive Entertainment/UE4_Projects/Convergence/Content/_ConvergencePoint/Widgets/UI/UI_collect.uasset" 251
"../../../../../../Users/s192070/OneDrive - Academy of Interactive Entertainment/UE4_Projects/Convergence/Content/_ConvergencePoint/Widgets/UI/UI_press.uasset" 252
"../../../../../../Users/s192070/OneDrive - Academy of Interactive Entertainment/UE4_Projects/Convergence/Content/_ConvergencePoint/Widgets/MainWidgets/UploadWidget.uasset" 253
"../../../../../../Users/s192070/OneDrive - Academy of Interactive Entertainment/UE4_Projects/Convergence/Content/_ConvergencePoint/Widgets/UI/Energy_text.uasset" 254
"../../../../../../Users/s192070/OneDrive - Academy of Interactive Entertainment/UE4_Projects/Convergence/Content/_ConvergencePoint/Widgets/UI/Energy_text_glow.uasset" 255
"../../../../../../Users/s192070/OneDrive - Academy of Interactive Entertainment/UE4_Projects/Convergence/Content/_ConvergencePoint/Widgets/UI/Scan1-3.uasset" 256
"../../../../../../Users/s192070/OneDrive - Academy of Interactive Entertainment/UE4_Projects/Convergence/Content/_ConvergencePoint/Widgets/UI/Scan2-3.uasset" 257
"../../../../../../Users/s192070/OneDrive - Academy of Interactive Entertainment/UE4_Projects/Convergence/Content/_ConvergencePoint/Widgets/UI/Scan3-3.uasset" 258
"../../../../../../Users/s192070/OneDrive - Academy of Interactive Entertainment/UE4_Projects/Convergence/Content/_ConvergencePoint/Widgets/UI/Scan_bc.uasset" 259
"../../../../../../Users/s192070/OneDrive - Academy of Interactive Entertainment/UE4_Projects/Convergence/Content/_ConvergencePoint/Widgets/UI/UI_flashlightON.uasset" 260
"../../../../../../Users/s192070/OneDrive - Academy of Interactive Entertainment/UE4_Projects/Convergence/Content/_ConvergencePoint/Widgets/MainWidgets/HUD.uasset" 261
"../../../../../../Users/s192070/OneDrive - Academy of Interactive Entertainment/UE4_Projects/Convergence/Content/_ConvergencePoint/Blueprints/New/UploadManager.uasset" 262
"../../../../../../Users/s192070/OneDrive - Academy of Interactive Entertainment/UE4_Projects/Convergence/Content/_ConvergencePoint/Blueprints/Triggers/BP_DialogueTrigger.uasset" 263
"../../../../../../Users/s192070/OneDrive - Academy of Interactive Entertainment/UE4_Projects/Convergence/Content/_ConvergencePoint/Blueprints/Triggers/BP_DialogueTrigger_OutsideTrain.uasset" 264
"../../../../../../Users/s192070/OneDrive - Academy of Interactive Entertainment/UE4_Projects/Convergence/Content/_ConvergencePoint/Blueprints/Triggers/BP_NewArea.uasset" 265
"../../../../../../Users/s192070/OneDrive - Academy of Interactive Entertainment/UE4_Projects/Convergence/Content/_ConvergencePoint/Widgets/UI/Credits.uasset" 266
"../../../../../../Users/s192070/OneDrive - Academy of Interactive Entertainment/UE4_Projects/Convergence/Content/_ConvergencePoint/Widgets/MainWidgets/CreditsWidget.uasset" 267
"../../../../../../Users/s192070/OneDrive - Academy of Interactive Entertainment/UE4_Projects/Convergence/Content/_ConvergencePoint/Widgets/UI/PocketWatch_image.uasset" 268
"../../../../../../Users/s192070/OneDrive - Academy of Interactive Entertainment/UE4_Projects/Convergence/Content/_ConvergencePoint/Widgets/UI/SphinxArm_image.uasset" 269
"../../../../../../Users/s192070/OneDrive - Academy of Interactive Entertainment/UE4_Projects/Convergence/Content/_ConvergencePoint/Widgets/UI/SphinxButt_image.uasset" 270
"../../../../../../Users/s192070/OneDrive - Academy of Interactive Entertainment/UE4_Projects/Convergence/Content/_ConvergencePoint/Widgets/UI/SphinxHead_image.uasset" 271
"../../../../../../Users/s192070/OneDrive - Academy of Interactive Entertainment/UE4_Projects/Convergence/Content/_ConvergencePoint/Widgets/UI/StatueHead_image.uasset" 272
"../../../../../../Users/s192070/OneDrive - Academy of Interactive Entertainment/UE4_Projects/Convergence/Content/_ConvergencePoint/Widgets/UI/StatueTablet_image.uasset" 273
"../../../../../../Users/s192070/OneDrive - Academy of Interactive Entertainment/UE4_Projects/Convergence/Content/_ConvergencePoint/Widgets/UI/StatueTorch_image.uasset" 274
"../../../../../../Users/s192070/OneDrive - Academy of Interactive Entertainment/UE4_Projects/Convergence/Content/_ConvergencePoint/Widgets/UI/UI_01.uasset" 275
"../../../../../../Users/s192070/OneDrive - Academy of Interactive Entertainment/UE4_Projects/Convergence/Content/_ConvergencePoint/Widgets/Logbook/SummaryLogbook.uasset" 276
"../../../../../../Users/s192070/OneDrive - Academy of Interactive Entertainment/UE4_Projects/Convergence/Content/_ConvergencePoint/Widgets/UI/UI_no_collect.uasset" 277
"../../../../../../Users/s192070/OneDrive - Academy of Interactive Entertainment/UE4_Projects/Convergence/Content/_ConvergencePoint/Widgets/Logbook/IconLogbook.uasset" 278
"../../../../../../Users/s192070/OneDrive - Academy of Interactive Entertainment/UE4_Projects/Convergence/Content/_ConvergencePoint/Widgets/Logbook/InventoryPanelSlot.uasset" 279
"../../../../../../Users/s192070/OneDrive - Academy of Interactive Entertainment/UE4_Projects/Convergence/Content/_ConvergencePoint/Widgets/Logbook/InventoryBox.uasset" 280
"../../../../../../Users/s192070/OneDrive - Academy of Interactive Entertainment/UE4_Projects/Convergence/Content/_ConvergencePoint/Widgets/Logbook/InventoryMain.uasset" 281
"../../../../../../Users/s192070/OneDrive - Academy of Interactive Entertainment/UE4_Projects/Convergence/Content/_ConvergencePoint/Widgets/MainWidgets/MainLogbookWidget.uasset" 282
"../../../../../../Users/s192070/OneDrive - Academy of Interactive Entertainment/UE4_Projects/Convergence/Content/_ConvergencePoint/Blueprints/BP_Dialogue.uasset" 283
"../../../../../../Users/s192070/OneDrive - Academy of Interactive Entertainment/UE4_Projects/Convergence/Content/_ConvergencePoint/Material/M_Outline_Master.uasset" 284
"../../../../../../Users/s192070/OneDrive - Academy of Interactive Entertainment/UE4_Projects/Convergence/Content/_ConvergencePoint/Material/M_Outline_Inst.uasset" 285
"../../../Engine/Content/EditorMeshes/ArcadeEditorSphere.uasset" 286
"../../../../../../Users/s192070/OneDrive - Academy of Interactive Entertainment/UE4_Projects/Convergence/Content/Geometry/Meshes/CubeMaterial.uasset" 287
"../../../../../../Users/s192070/OneDrive - Academy of Interactive Entertainment/UE4_Projects/Convergence/Content/Geometry/Meshes/1M_Cube.uasset" 288
"../../../../../../Users/s192070/OneDrive - Academy of Interactive Entertainment/UE4_Projects/Convergence/Content/_ConvergencePoint/Blueprints/New/BP_InteractableObjectParent.uasset" 289
"../../../../../../Users/s192070/OneDrive - Academy of Interactive Entertainment/UE4_Projects/Convergence/Content/_ConvergencePoint/Dialogue/ObjectDescriptionList.uasset" 290
"../../../../../../Users/s192070/OneDrive - Academy of Interactive Entertainment/UE4_Projects/Convergence/Content/_ConvergencePoint/Material/M_3DView_Monument.uasset" 291
"../../../../../../Users/s192070/OneDrive - Academy of Interactive Entertainment/UE4_Projects/Convergence/Content/_ConvergencePoint/Widgets/MainWidgets/ObjectInteractionWidget.uasset" 292
"../../../../../../Users/s192070/OneDrive - Academy of Interactive Entertainment/UE4_Projects/Convergence/Content/_ConvergencePoint/Blueprints/New/ObjectManager.uasset" 293
"../../../../../../Users/s192070/OneDrive - Academy of Interactive Entertainment/UE4_Projects/Convergence/Content/_ConvergencePoint/Blueprints/Enums/MyGameStates.uasset" 294
"../../../../../../Users/s192070/OneDrive - Academy of Interactive Entertainment/UE4_Projects/Convergence/Content/_ConvergencePoint/Blueprints/Enums/View_enum.uasset" 295
"../../../../../../Users/s192070/OneDrive - Academy of Interactive Entertainment/UE4_Projects/Convergence/Content/_ConvergencePoint/Widgets/UI/UI_pause.uasset" 296
"../../../../../../Users/s192070/OneDrive - Academy of Interactive Entertainment/UE4_Projects/Convergence/Content/_ConvergencePoint/Widgets/UI/UI_pause_screen.uasset" 297
"../../../../../../Users/s192070/OneDrive - Academy of Interactive Entertainment/UE4_Projects/Convergence/Content/_ConvergencePoint/Widgets/UI/UI_quit.uasset" 298
"../../../../../../Users/s192070/OneDrive - Academy of Interactive Entertainment/UE4_Projects/Convergence/Content/_ConvergencePoint/Widgets/UI/UI_quit_button.uasset" 299
"../../../../../../Users/s192070/OneDrive - Academy of Interactive Entertainment/UE4_Projects/Convergence/Content/_ConvergencePoint/Widgets/UI/UI_resume.uasset" 300
"../../../../../../Users/s192070/OneDrive - Academy of Interactive Entertainment/UE4_Projects/Convergence/Content/_ConvergencePoint/Widgets/UI/UI_resume_button.uasset" 301
"../../../../../../Users/s192070/OneDrive - Academy of Interactive Entertainment/UE4_Projects/Convergence/Content/_ConvergencePoint/Widgets/MainWidgets/Widget_Abandon.uasset" 302
"../../../../../../Users/s192070/OneDrive - Academy of Interactive Entertainment/UE4_Projects/Convergence/Content/_ConvergencePoint/Blueprints/MyGameManager.uasset" 303
"../../../../../../Users/s192070/OneDrive - Academy of Interactive Entertainment/UE4_Projects/Convergence/Content/_ConvergencePoint/Assets/Robot/Animation/Robot_AnimBP.uasset" 304
"../../../../../../Users/s192070/OneDrive - Academy of Interactive Entertainment/UE4_Projects/Convergence/Content/FirstPerson/Character/Mesh/SK_Mannequin_Arms_Skeleton.uasset" 305
"../../../../../../Users/s192070/OneDrive - Academy of Interactive Entertainment/UE4_Projects/Convergence/Content/FirstPerson/Animations/FirstPerson_Fire.uasset" 306
"../../../../../../Users/s192070/OneDrive - Academy of Interactive Entertainment/UE4_Projects/Convergence/Content/FirstPerson/Animations/FirstPersonFire_Montage.uasset" 307
"../../../../../../Users/s192070/OneDrive - Academy of Interactive Entertainment/UE4_Projects/Convergence/Content/FirstPerson/Animations/FirstPerson_Scan.uasset" 308
"../../../../../../Users/s192070/OneDrive - Academy of Interactive Entertainment/UE4_Projects/Convergence/Content/_ConvergencePoint/MaterialFunctions/MF_ScanLaser_ContactOpacity.uasset" 309
"../../../../../../Users/s192070/OneDrive - Academy of Interactive Entertainment/UE4_Projects/Convergence/Content/_ConvergencePoint/Material/M_ScanLaser_Master.uasset" 310
"../../../../../../Users/s192070/OneDrive - Academy of Interactive Entertainment/UE4_Projects/Convergence/Content/_ConvergencePoint/Material/M_ScanLaser_Inst.uasset" 311
"../../../../../../Users/s192070/OneDrive - Academy of Interactive Entertainment/UE4_Projects/Convergence/Content/_ConvergencePoint/Blueprints/BP_ScannerBase.uasset" 312
"../../../../../../Users/s192070/OneDrive - Academy of Interactive Entertainment/UE4_Projects/Convergence/Content/FirstPerson/Meshes/BaseMaterial.uasset" 313
"../../../../../../Users/s192070/OneDrive - Academy of Interactive Entertainment/UE4_Projects/Convergence/Content/FirstPerson/Meshes/FirstPersonProjectileMaterial.uasset" 314
"../../../../../../Users/s192070/OneDrive - Academy of Interactive Entertainment/UE4_Projects/Convergence/Content/FirstPerson/Meshes/FirstPersonProjectileMesh.uasset" 315
"../../../../../../Users/s192070/OneDrive - Academy of Interactive Entertainment/UE4_Projects/Convergence/Content/FirstPersonBP/Blueprints/FirstPersonProjectile.uasset" 316
"../../../Engine/Content/Functions/Engine_MaterialFunctions01/ImageAdjustment/BlurSampleOffsets.uasset" 317
"../../../Engine/Content/Functions/Engine_MaterialFunctions01/Texturing/BitMask.uasset" 318
"../../../Engine/Content/Functions/Engine_MaterialFunctions02/SampleSceneDepth.uasset" 319
"../../../../../../Users/s192070/OneDrive - Academy of Interactive Entertainment/UE4_Projects/Convergence/Content/StarterContent/Textures/T_Tech_Panel_M.uasset" 320
"../../../../../../Users/s192070/OneDrive - Academy of Interactive Entertainment/UE4_Projects/Convergence/Content/_ConvergencePoint/Material/M_Sci_Scanner.uasset" 321
"../../../../../../Users/s192070/OneDrive - Academy of Interactive Entertainment/UE4_Projects/Convergence/Content/_ConvergencePoint/Material/M_Sci_Scanner_Inst.uasset" 322
"../../../../../../Users/s192070/OneDrive - Academy of Interactive Entertainment/UE4_Projects/Convergence/Content/_ConvergencePoint/Assets/Creatures/Textures/T_CreatureAtlas_BaseColor.uasset" 323
"../../../../../../Users/s192070/OneDrive - Academy of Interactive Entertainment/UE4_Projects/Convergence/Content/_ConvergencePoint/Assets/Creatures/Textures/T_CreatureAtlas_Normal.uasset" 324
"../../../../../../Users/s192070/OneDrive - Academy of Interactive Entertainment/UE4_Projects/Convergence/Content/_ConvergencePoint/Assets/Creatures/Textures/T_CreatureAtlas_ORM.uasset" 325
"../../../../../../Users/s192070/OneDrive - Academy of Interactive Entertainment/UE4_Projects/Convergence/Content/_ConvergencePoint/Assets/Robot/T_robot_EmissiveAtlas.uasset" 326
"../../../../../../Users/s192070/OneDrive - Academy of Interactive Entertainment/UE4_Projects/Convergence/Content/_ConvergencePoint/Assets/Creatures/Textures/M_CreatureAtlas_Inst.uasset" 327
"../../../../../../Users/s192070/OneDrive - Academy of Interactive Entertainment/UE4_Projects/Convergence/Content/_ConvergencePoint/Assets/Robot/SK_robot_PhysicsAsset.uasset" 328
"../../../../../../Users/s192070/OneDrive - Academy of Interactive Entertainment/UE4_Projects/Convergence/Content/_ConvergencePoint/Assets/Robot/SK_robot.uasset" 329
"../../../../../../Users/s192070/OneDrive - Academy of Interactive Entertainment/UE4_Projects/Convergence/Content/_ConvergencePoint/Audio/Files/FlashLightSound.uasset" 330
"../../../../../../Users/s192070/OneDrive - Academy of Interactive Entertainment/UE4_Projects/Convergence/Content/_ConvergencePoint/Audio/FlashlightSound_Cue.uasset" 331
"../../../../../../Users/s192070/OneDrive - Academy of Interactive Entertainment/UE4_Projects/Convergence/Content/_ConvergencePoint/Audio/Files/Scanning.uasset" 332
"../../../../../../Users/s192070/OneDrive - Academy of Interactive Entertainment/UE4_Projects/Convergence/Content/_ConvergencePoint/Audio/ScanningSound_Cue.uasset" 333
"../../../../../../Users/s192070/OneDrive - Academy of Interactive Entertainment/UE4_Projects/Convergence/Content/_ConvergencePoint/Audio/Files/UploadSound.uasset" 334
"../../../../../../Users/s192070/OneDrive - Academy of Interactive Entertainment/UE4_Projects/Convergence/Content/_ConvergencePoint/Audio/UploadingSound_Cue.uasset" 335
"../../../../../../Users/s192070/OneDrive - Academy of Interactive Entertainment/UE4_Projects/Convergence/Content/StarterContent/Textures/T_Smoke_Tiled_D.uasset" 336
"../../../../../../Users/s192070/OneDrive - Academy of Interactive Entertainment/UE4_Projects/Convergence/Content/StarterContent/Textures/T_Water_N.uasset" 337
"../../../../../../Users/s192070/OneDrive - Academy of Interactive Entertainment/UE4_Projects/Convergence/Content/_ConvergencePoint/Material/M_Bubble.uasset" 338
"../../../../../../Users/s192070/OneDrive - Academy of Interactive Entertainment/UE4_Projects/Convergence/Content/StarterContent/Props/MaterialSphere.uasset" 339
"../../../../../../Users/s192070/OneDrive - Academy of Interactive Entertainment/UE4_Projects/Convergence/Content/_ConvergencePoint/Particles/P_Bubble.uasset" 340
"../../../../../../Users/s192070/OneDrive - Academy of Interactive Entertainment/UE4_Projects/Convergence/Content/_ConvergencePoint/Effects/TEx/T_Bubbles_BC.uasset" 341
"../../../../../../Users/s192070/OneDrive - Academy of Interactive Entertainment/UE4_Projects/Convergence/Content/_ConvergencePoint/Effects/TEx/T_Bubbles_N.uasset" 342
"../../../../../../Users/s192070/OneDrive - Academy of Interactive Entertainment/UE4_Projects/Convergence/Content/_ConvergencePoint/Effects/TEx/T_WaveNoise_BC.uasset" 343
"../../../../../../Users/s192070/OneDrive - Academy of Interactive Entertainment/UE4_Projects/Convergence/Content/_ConvergencePoint/Effects/Mat/M_Bubbles.uasset" 344
"../../../../../../Users/s192070/OneDrive - Academy of Interactive Entertainment/UE4_Projects/Convergence/Content/_ConvergencePoint/Particles/PS_Bubbles_Robot.uasset" 345
"../../../../../../Users/s192070/OneDrive - Academy of Interactive Entertainment/UE4_Projects/Convergence/Content/FirstPerson/Audio/FirstPersonTemplateWeaponFire02.uasset" 346
"../../../Engine/Content/Functions/Engine_MaterialFunctions02/Utility/BlendAngleCorrectedNormals.uasset" 347
"../../../Engine/Content/Functions/MaterialLayerFunctions/MatLayerBlend_NormalBlend.uasset" 348
"../../../Engine/Content/Functions/MaterialLayerFunctions/MatLayerBlend_Simple.uasset" 349
"../../../../../../Users/s192070/OneDrive - Academy of Interactive Entertainment/UE4_Projects/Convergence/Content/FirstPerson/FPWeapon/Materials/MaterialLayers/T_ML_Rubber_Blue_01_D.uasset" 350
"../../../../../../Users/s192070/OneDrive - Academy of Interactive Entertainment/UE4_Projects/Convergence/Content/FirstPerson/FPWeapon/Materials/MaterialLayers/T_ML_Rubber_Blue_01_N.uasset" 351
"../../../../../../Users/s192070/OneDrive - Academy of Interactive Entertainment/UE4_Projects/Convergence/Content/FirstPerson/FPWeapon/Materials/MaterialLayers/ML_GlossyBlack_Latex_UE4.uasset" 352
"../../../../../../Users/s192070/OneDrive - Academy of Interactive Entertainment/UE4_Projects/Convergence/Content/FirstPerson/FPWeapon/Materials/MaterialLayers/ML_Plastic_Shiny_Beige.uasset" 353
"../../../../../../Users/s192070/OneDrive - Academy of Interactive Entertainment/UE4_Projects/Convergence/Content/FirstPerson/FPWeapon/Materials/MaterialLayers/ML_Screen.uasset" 354
"../../../../../../Users/s192070/OneDrive - Academy of Interactive Entertainment/UE4_Projects/Convergence/Content/FirstPerson/FPWeapon/Materials/MaterialLayers/T_ML_Aluminum01.uasset" 355
"../../../../../../Users/s192070/OneDrive - Academy of Interactive Entertainment/UE4_Projects/Convergence/Content/FirstPerson/FPWeapon/Materials/MaterialLayers/T_ML_Aluminum01_N.uasset" 356
"../../../../../../Users/s192070/OneDrive - Academy of Interactive Entertainment/UE4_Projects/Convergence/Content/FirstPerson/FPWeapon/Materials/MaterialLayers/ML_SoftMetal_UE4.uasset" 357
"../../../../../../Users/s192070/OneDrive - Academy of Interactive Entertainment/UE4_Projects/Convergence/Content/FirstPerson/FPWeapon/Textures/T_FPGun_M.uasset" 358
"../../../../../../Users/s192070/OneDrive - Academy of Interactive Entertainment/UE4_Projects/Convergence/Content/FirstPerson/FPWeapon/Textures/T_FPGun_N.uasset" 359
"../../../../../../Users/s192070/OneDrive - Academy of Interactive Entertainment/UE4_Projects/Convergence/Content/FirstPerson/FPWeapon/Materials/M_FPGun.uasset" 360
"../../../../../../Users/s192070/OneDrive - Academy of Interactive Entertainment/UE4_Projects/Convergence/Content/FirstPerson/FPWeapon/Mesh/SK_FPGun_Skeleton.uasset" 361
"../../../../../../Users/s192070/OneDrive - Academy of Interactive Entertainment/UE4_Projects/Convergence/Content/FirstPerson/FPWeapon/Mesh/SK_FPGun.uasset" 362
"../../../../../../Users/s192070/OneDrive - Academy of Interactive Entertainment/UE4_Projects/Convergence/Content/StarterContent/Audio/Fire01.uasset" 363
"../../../../../../Users/s192070/OneDrive - Academy of Interactive Entertainment/UE4_Projects/Convergence/Content/StarterContent/Audio/Fire01_Cue.uasset" 364
"../../../../../../Users/s192070/OneDrive - Academy of Interactive Entertainment/UE4_Projects/Convergence/Content/StarterContent/Materials/M_Basic_Wall.uasset" 365
"../../../../../../Users/s192070/OneDrive - Academy of Interactive Entertainment/UE4_Projects/Convergence/Content/StarterContent/Shapes/Shape_Plane.uasset" 366
"../../../../../../Users/s192070/OneDrive - Academy of Interactive Entertainment/UE4_Projects/Convergence/Content/FirstPersonBP/Blueprints/FirstPersonCharacter.uasset" 367
"../../../../../../Users/s192070/OneDrive - Academy of Interactive Entertainment/UE4_Projects/Convergence/Content/_ConvergencePoint/Assets/Train/Texture/Train_BaseColor.uasset" 368
"../../../../../../Users/s192070/OneDrive - Academy of Interactive Entertainment/UE4_Projects/Convergence/Content/_ConvergencePoint/Assets/Train/Texture/Train_OcclusionRoughnessMetallic.uasset" 369
"../../../../../../Users/s192070/OneDrive - Academy of Interactive Entertainment/UE4_Projects/Convergence/Content/_ConvergencePoint/Assets/Train/Texture/Glass_MAT.uasset" 370
"../../../../../../Users/s192070/OneDrive - Academy of Interactive Entertainment/UE4_Projects/Convergence/Content/_ConvergencePoint/Assets/Train/Texture/Train_Normal.uasset" 371
"../../../../../../Users/s192070/OneDrive - Academy of Interactive Entertainment/UE4_Projects/Convergence/Content/_ConvergencePoint/Assets/Train/Texture/Train_MAT.uasset" 372
"../../../../../../Users/s192070/OneDrive - Academy of Interactive Entertainment/UE4_Projects/Convergence/Content/_ConvergencePoint/Assets/Train/SM_Train_Train_Broken.uasset" 373
"../../../../../../Users/s192070/OneDrive - Academy of Interactive Entertainment/UE4_Projects/Convergence/Content/_ConvergencePoint/Audio/Files/Heavy_item_place_down_underwater.uasset" 374
"../../../../../../Users/s192070/OneDrive - Academy of Interactive Entertainment/UE4_Projects/Convergence/Content/_ConvergencePoint/Audio/FallingTrainSound_Cue.uasset" 375
"../../../../../../Users/s192070/OneDrive - Academy of Interactive Entertainment/UE4_Projects/Convergence/Content/_ConvergencePoint/Assets/Train/Falling_Train_BP.uasset" 376
"../../../../../../Users/s192070/OneDrive - Academy of Interactive Entertainment/UE4_Projects/Convergence/Content/_ConvergencePoint/Assets/Creatures/Blue_whale/SK_BlueWhale_Skeleton.uasset" 377
"../../../../../../Users/s192070/OneDrive - Academy of Interactive Entertainment/UE4_Projects/Convergence/Content/_ConvergencePoint/Assets/Creatures/Blue_whale/SK_BlueWhale_Anim.uasset" 378
"../../../../../../Users/s192070/OneDrive - Academy of Interactive Entertainment/UE4_Projects/Convergence/Content/_ConvergencePoint/Assets/Creatures/Blue_whale/SK_BlueWhale_PhysicsAsset.uasset" 379
"../../../../../../Users/s192070/OneDrive - Academy of Interactive Entertainment/UE4_Projects/Convergence/Content/_ConvergencePoint/Assets/Creatures/Blue_whale/SK_BlueWhale.uasset" 380
"../../../../../../Users/s192070/OneDrive - Academy of Interactive Entertainment/UE4_Projects/Convergence/Content/_ConvergencePoint/Audio/Files/animals_whale_large.uasset" 381
"../../../../../../Users/s192070/OneDrive - Academy of Interactive Entertainment/UE4_Projects/Convergence/Content/_ConvergencePoint/Audio/WhaleSound_Cue.uasset" 382
"../../../../../../Users/s192070/OneDrive - Academy of Interactive Entertainment/UE4_Projects/Convergence/Content/_ConvergencePoint/Blueprints/FishBP/BP_Whale_Track.uasset" 383
"../../../../../../Users/s192070/OneDrive - Academy of Interactive Entertainment/UE4_Projects/Convergence/Content/_ConvergencePoint/Assets/Light_Source/SM_LightOrb_BC_0.uasset" 384
"../../../../../../Users/s192070/OneDrive - Academy of Interactive Entertainment/UE4_Projects/Convergence/Content/_ConvergencePoint/Assets/Light_Source/SM_LightOrb_N_0.uasset" 385
"../../../../../../Users/s192070/OneDrive - Academy of Interactive Entertainment/UE4_Projects/Convergence/Content/_ConvergencePoint/Assets/Light_Source/SM_LightOrb_ORM_0.uasset" 386
"../../../../../../Users/s192070/OneDrive - Academy of Interactive Entertainment/UE4_Projects/Convergence/Content/_ConvergencePoint/Assets/Light_Source/cage_MAT.uasset" 387
"../../../../../../Users/s192070/OneDrive - Academy of Interactive Entertainment/UE4_Projects/Convergence/Content/_ConvergencePoint/Assets/Light_Source/SM_LightOrb_BC.uasset" 388
"../../../../../../Users/s192070/OneDrive - Academy of Interactive Entertainment/UE4_Projects/Convergence/Content/_ConvergencePoint/Assets/Light_Source/SM_LightOrb_N.uasset" 389
"../../../../../../Users/s192070/OneDrive - Academy of Interactive Entertainment/UE4_Projects/Convergence/Content/_ConvergencePoint/Assets/Light_Source/SM_LightOrb_ORM.uasset" 390
"../../../../../../Users/s192070/OneDrive - Academy of Interactive Entertainment/UE4_Projects/Convergence/Content/_ConvergencePoint/Assets/Light_Source/Glass_MAT.uasset" 391
"../../../../../../Users/s192070/OneDrive - Academy of Interactive Entertainment/UE4_Projects/Convergence/Content/_ConvergencePoint/Assets/Light_Source/SM_LightOrb.uasset" 392
"../../../../../../Users/s192070/OneDrive - Academy of Interactive Entertainment/UE4_Projects/Convergence/Content/_ConvergencePoint/Assets/Light_Source/Light_Orb_BP.uasset" 393
"../../../../../../Users/s192070/OneDrive - Academy of Interactive Entertainment/UE4_Projects/Convergence/Content/_ConvergencePoint/Assets/Creatures/MantaRay/SK_Manta_Anim_Skeleton.uasset" 394
"../../../../../../Users/s192070/OneDrive - Academy of Interactive Entertainment/UE4_Projects/Convergence/Content/_ConvergencePoint/Assets/Creatures/MantaRay/SK_MantaRay_Anim.uasset" 395
"../../../../../../Users/s192070/OneDrive - Academy of Interactive Entertainment/UE4_Projects/Convergence/Content/_ConvergencePoint/Assets/Creatures/MantaRay/SK_MantaRay_PhysicsAsset.uasset" 396
"../../../../../../Users/s192070/OneDrive - Academy of Interactive Entertainment/UE4_Projects/Convergence/Content/_ConvergencePoint/Assets/Creatures/MantaRay/SK_MantaRay.uasset" 397
"../../../../../../Users/s192070/OneDrive - Academy of Interactive Entertainment/UE4_Projects/Convergence/Content/_ConvergencePoint/Blueprints/FishBP/BP_MantaRay_Track.uasset" 398
"../../../../../../Users/s192070/OneDrive - Academy of Interactive Entertainment/UE4_Projects/Convergence/Content/_ConvergencePoint/Assets/Creatures/Turtle/SK_turtle_Skeleton.uasset" 399
"../../../../../../Users/s192070/OneDrive - Academy of Interactive Entertainment/UE4_Projects/Convergence/Content/_ConvergencePoint/Assets/Creatures/Turtle/SK_turtle_Anim.uasset" 400
"../../../../../../Users/s192070/OneDrive - Academy of Interactive Entertainment/UE4_Projects/Convergence/Content/_ConvergencePoint/Assets/Creatures/Turtle/SK_turtle_PhysicsAsset.uasset" 401
"../../../../../../Users/s192070/OneDrive - Academy of Interactive Entertainment/UE4_Projects/Convergence/Content/_ConvergencePoint/Assets/Creatures/Turtle/SK_turtle.uasset" 402
"../../../../../../Users/s192070/OneDrive - Academy of Interactive Entertainment/UE4_Projects/Convergence/Content/_ConvergencePoint/Blueprints/FishBP/BP_Turtle_Track.uasset" 403
"../../../../../../Users/s192070/OneDrive - Academy of Interactive Entertainment/UE4_Projects/Convergence/Content/_ConvergencePoint/Assets/Creatures/Fishes/T_YellowFish.uasset" 404
"../../../../../../Users/s192070/OneDrive - Academy of Interactive Entertainment/UE4_Projects/Convergence/Content/_ConvergencePoint/Assets/Creatures/Fishes/M_Fishes.uasset" 405
"../../../../../../Users/s192070/OneDrive - Academy of Interactive Entertainment/UE4_Projects/Convergence/Content/_ConvergencePoint/Assets/Creatures/Fishes/M_YellowFish_Inst.uasset" 406
"../../../../../../Users/s192070/OneDrive - Academy of Interactive Entertainment/UE4_Projects/Convergence/Content/_ConvergencePoint/Assets/Creatures/Fishes/SM_YellowFish.uasset" 407
"../../../../../../Users/s192070/OneDrive - Academy of Interactive Entertainment/UE4_Projects/Convergence/Content/_ConvergencePoint/Blueprints/FishBP/BP_YellowFish_Track_2.uasset" 408
"../../../../../../Users/s192070/OneDrive - Academy of Interactive Entertainment/UE4_Projects/Convergence/Content/_ConvergencePoint/Assets/LandingPod/LandingPod_Skeleton.uasset" 409
"../../../../../../Users/s192070/OneDrive - Academy of Interactive Entertainment/UE4_Projects/Convergence/Content/_ConvergencePoint/Assets/LandingPod/Animation/ANIM_Close_Idle.uasset" 410
"../../../../../../Users/s192070/OneDrive - Academy of Interactive Entertainment/UE4_Projects/Convergence/Content/_ConvergencePoint/Assets/LandingPod/Animation/ANIM_Open_Idle.uasset" 411
"../../../../../../Users/s192070/OneDrive - Academy of Interactive Entertainment/UE4_Projects/Convergence/Content/_ConvergencePoint/Audio/Files/Door_Opening.uasset" 412
"../../../../../../Users/s192070/OneDrive - Academy of Interactive Entertainment/UE4_Projects/Convergence/Content/_ConvergencePoint/Audio/PodSound_Cue.uasset" 413
"../../../../../../Users/s192070/OneDrive - Academy of Interactive Entertainment/UE4_Projects/Convergence/Content/_ConvergencePoint/Assets/LandingPod/Animation/LandingPod_Anim.uasset" 414
"../../../../../../Users/s192070/OneDrive - Academy of Interactive Entertainment/UE4_Projects/Convergence/Content/_ConvergencePoint/Assets/LandingPod/Animation/LandingPod_AnimBP.uasset" 415
"../../../../../../Users/s192070/OneDrive - Academy of Interactive Entertainment/UE4_Projects/Convergence/Content/_ConvergencePoint/Assets/Sphinx/Textures/T_POD_atlas_Emmsive.uasset" 416
"../../../../../../Users/s192070/OneDrive - Academy of Interactive Entertainment/UE4_Projects/Convergence/Content/_ConvergencePoint/Assets/LandingPod/Mat/POD_MI.uasset" 417
"../../../../../../Users/s192070/OneDrive - Academy of Interactive Entertainment/UE4_Projects/Convergence/Content/_ConvergencePoint/Assets/LandingPod/LandingPod_PhysicsAsset.uasset" 418
"../../../../../../Users/s192070/OneDrive - Academy of Interactive Entertainment/UE4_Projects/Convergence/Content/_ConvergencePoint/Assets/LandingPod/LandingPod.uasset" 419
"../../../../../../Users/s192070/OneDrive - Academy of Interactive Entertainment/UE4_Projects/Convergence/Content/_ConvergencePoint/Blueprints/New/BP_UploadObject.uasset" 420
"../../../../../../Users/s192070/OneDrive - Academy of Interactive Entertainment/UE4_Projects/Convergence/Content/_ConvergencePoint/Assets/Corals_02/Mat/Seaweed_MI.uasset" 421
"../../../../../../Users/s192070/OneDrive - Academy of Interactive Entertainment/UE4_Projects/Convergence/Content/_ConvergencePoint/Assets/Corals_02/Mesh/SeaweedD.uasset" 422
"../../../../../../Users/s192070/OneDrive - Academy of Interactive Entertainment/UE4_Projects/Convergence/Content/_ConvergencePoint/Foliage/SeaweedD_FoliageType.uasset" 423
"../../../../../../Users/s192070/OneDrive - Academy of Interactive Entertainment/UE4_Projects/Convergence/Content/_ConvergencePoint/Assets/Corals_02/Mat/Corals_1_4_MI.uasset" 424
"../../../../../../Users/s192070/OneDrive - Academy of Interactive Entertainment/UE4_Projects/Convergence/Content/_ConvergencePoint/Assets/Corals_02/Mesh/SM_Corals_Coral01_01.uasset" 425
"../../../../../../Users/s192070/OneDrive - Academy of Interactive Entertainment/UE4_Projects/Convergence/Content/_ConvergencePoint/Foliage/SM_Corals_Coral01_01_FoliageType.uasset" 426
"../../../../../../Users/s192070/OneDrive - Academy of Interactive Entertainment/UE4_Projects/Convergence/Content/_ConvergencePoint/Assets/Corals_02/Mesh/SM_Corals_Coral01_02.uasset" 427
"../../../../../../Users/s192070/OneDrive - Academy of Interactive Entertainment/UE4_Projects/Convergence/Content/_ConvergencePoint/Foliage/SM_Corals_Coral01_02_FoliageType.uasset" 428
"../../../../../../Users/s192070/OneDrive - Academy of Interactive Entertainment/UE4_Projects/Convergence/Content/_ConvergencePoint/Assets/Corals_02/Mesh/SM_Corals_Coral02_01.uasset" 429
"../../../../../../Users/s192070/OneDrive - Academy of Interactive Entertainment/UE4_Projects/Convergence/Content/_ConvergencePoint/Foliage/SM_Corals_Coral02_01_FoliageType.uasset" 430
"../../../../../../Users/s192070/OneDrive - Academy of Interactive Entertainment/UE4_Projects/Convergence/Content/_ConvergencePoint/Assets/Corals_02/Mesh/SM_Corals_Coral03_01.uasset" 431
"../../../../../../Users/s192070/OneDrive - Academy of Interactive Entertainment/UE4_Projects/Convergence/Content/_ConvergencePoint/Foliage/SM_Corals_Coral03_01_FoliageType.uasset" 432
"../../../../../../Users/s192070/OneDrive - Academy of Interactive Entertainment/UE4_Projects/Convergence/Content/_ConvergencePoint/Assets/Corals_02/Mesh/SM_Corals_Coral03_02.uasset" 433
"../../../../../../Users/s192070/OneDrive - Academy of Interactive Entertainment/UE4_Projects/Convergence/Content/_ConvergencePoint/Foliage/SM_Corals_Coral03_02_FoliageType.uasset" 434
"../../../../../../Users/s192070/OneDrive - Academy of Interactive Entertainment/UE4_Projects/Convergence/Content/_ConvergencePoint/Assets/Corals_02/Mesh/SM_Corals_Coral04_01.uasset" 435
"../../../../../../Users/s192070/OneDrive - Academy of Interactive Entertainment/UE4_Projects/Convergence/Content/_ConvergencePoint/Foliage/SM_Corals_Coral04_01_FoliageType.uasset" 436
"../../../../../../Users/s192070/OneDrive - Academy of Interactive Entertainment/UE4_Projects/Convergence/Content/_ConvergencePoint/Assets/Corals_02/Mesh/SM_Corals_Coral04_02.uasset" 437
"../../../../../../Users/s192070/OneDrive - Academy of Interactive Entertainment/UE4_Projects/Convergence/Content/_ConvergencePoint/Foliage/SM_Corals_Coral04_02_FoliageType.uasset" 438
"../../../../../../Users/s192070/OneDrive - Academy of Interactive Entertainment/UE4_Projects/Convergence/Content/_ConvergencePoint/Assets/Corals_02/Mesh/SM_Corals_Coral05_01.uasset" 439
"../../../../../../Users/s192070/OneDrive - Academy of Interactive Entertainment/UE4_Projects/Convergence/Content/_ConvergencePoint/Foliage/SM_Corals_Coral05_01_FoliageType.uasset" 440
"../../../../../../Users/s192070/OneDrive - Academy of Interactive Entertainment/UE4_Projects/Convergence/Content/_ConvergencePoint/Assets/Corals_02/Mesh/SM_Corals_Coral05_02.uasset" 441
"../../../../../../Users/s192070/OneDrive - Academy of Interactive Entertainment/UE4_Projects/Convergence/Content/_ConvergencePoint/Foliage/SM_Corals_Coral05_02_FoliageType.uasset" 442
"../../../../../../Users/s192070/OneDrive - Academy of Interactive Entertainment/UE4_Projects/Convergence/Content/_ConvergencePoint/Assets/Corals_02/Mesh/SM_Corals_Coral06_01.uasset" 443
"../../../../../../Users/s192070/OneDrive - Academy of Interactive Entertainment/UE4_Projects/Convergence/Content/_ConvergencePoint/Foliage/SM_Corals_Coral06_01_FoliageType.uasset" 444
"../../../../../../Users/s192070/OneDrive - Academy of Interactive Entertainment/UE4_Projects/Convergence/Content/_ConvergencePoint/Assets/Corals_02/Mesh/SM_Corals_Coral07_01.uasset" 445
"../../../../../../Users/s192070/OneDrive - Academy of Interactive Entertainment/UE4_Projects/Convergence/Content/_ConvergencePoint/Foliage/SM_Corals_Coral07_01_FoliageType.uasset" 446
"../../../../../../Users/s192070/OneDrive - Academy of Interactive Entertainment/UE4_Projects/Convergence/Content/_ConvergencePoint/Assets/Corals_02/Mesh/SM_Corals_Coral07_02.uasset" 447
"../../../../../../Users/s192070/OneDrive - Academy of Interactive Entertainment/UE4_Projects/Convergence/Content/_ConvergencePoint/Foliage/SM_Corals_Coral07_02_FoliageType.uasset" 448
"../../../../../../Users/s192070/OneDrive - Academy of Interactive Entertainment/UE4_Projects/Convergence/Content/_ConvergencePoint/Assets/Corals_02/Mesh/SM_Corals_Coral09_01.uasset" 449
"../../../../../../Users/s192070/OneDrive - Academy of Interactive Entertainment/UE4_Projects/Convergence/Content/_ConvergencePoint/Foliage/SM_Corals_Coral09_01_FoliageType.uasset" 450
"../../../../../../Users/s192070/OneDrive - Academy of Interactive Entertainment/UE4_Projects/Convergence/Content/_ConvergencePoint/Assets/Corals_02/Mesh/SM_Corals_Coral09_02.uasset" 451
"../../../../../../Users/s192070/OneDrive - Academy of Interactive Entertainment/UE4_Projects/Convergence/Content/_ConvergencePoint/Foliage/SM_Corals_Coral09_02_FoliageType.uasset" 452
"../../../../../../Users/s192070/OneDrive - Academy of Interactive Entertainment/UE4_Projects/Convergence/Content/_ConvergencePoint/Assets/Corals_02/Mesh/SM_Corals_Coral09_03.uasset" 453
"../../../../../../Users/s192070/OneDrive - Academy of Interactive Entertainment/UE4_Projects/Convergence/Content/_ConvergencePoint/Foliage/SM_Corals_Coral09_03_FoliageType.uasset" 454
"../../../../../../Users/s192070/OneDrive - Academy of Interactive Entertainment/UE4_Projects/Convergence/Content/_ConvergencePoint/Assets/Corals_02/Mesh/SM_Corals_Coral16_01.uasset" 455
"../../../../../../Users/s192070/OneDrive - Academy of Interactive Entertainment/UE4_Projects/Convergence/Content/_ConvergencePoint/Foliage/SM_Corals_Coral16_01_FoliageType.uasset" 456
"../../../../../../Users/s192070/OneDrive - Academy of Interactive Entertainment/UE4_Projects/Convergence/Content/_ConvergencePoint/Assets/Corals_02/Mesh/SM_Corals_Coral16_02.uasset" 457
"../../../../../../Users/s192070/OneDrive - Academy of Interactive Entertainment/UE4_Projects/Convergence/Content/_ConvergencePoint/Foliage/SM_Corals_Coral16_02_FoliageType.uasset" 458
"../../../../../../Users/s192070/OneDrive - Academy of Interactive Entertainment/UE4_Projects/Convergence/Content/_ConvergencePoint/Assets/Corals_02/Mesh/SM_Seaweed_01.uasset" 459
"../../../../../../Users/s192070/OneDrive - Academy of Interactive Entertainment/UE4_Projects/Convergence/Content/_ConvergencePoint/Foliage/SM_Seaweed_01_FoliageType.uasset" 460
"../../../../../../Users/s192070/OneDrive - Academy of Interactive Entertainment/UE4_Projects/Convergence/Content/_ConvergencePoint/Assets/Corals_02/Mesh/SM_Seaweed_02.uasset" 461
"../../../../../../Users/s192070/OneDrive - Academy of Interactive Entertainment/UE4_Projects/Convergence/Content/_ConvergencePoint/Foliage/SM_Seaweed_02_FoliageType.uasset" 462
"../../../../../../Users/s192070/OneDrive - Academy of Interactive Entertainment/UE4_Projects/Convergence/Content/_ConvergencePoint/Assets/Corals_02/Mesh/SM_Seaweed_03.uasset" 463
"../../../../../../Users/s192070/OneDrive - Academy of Interactive Entertainment/UE4_Projects/Convergence/Content/_ConvergencePoint/Foliage/SM_Seaweed_03_FoliageType.uasset" 464
"../../../../../../Users/s192070/OneDrive - Academy of Interactive Entertainment/UE4_Projects/Convergence/Content/_ConvergencePoint/Landscape/LanscapeLayerInfo/Sand_00_LayerInfo_Demonstration.uasset" 465
"../../../../../../Users/s192070/OneDrive - Academy of Interactive Entertainment/UE4_Projects/Convergence/Content/_ConvergencePoint/Landscape/LanscapeLayerInfo/Sand_01_LayerInfo_Demonstration.uasset" 466
"../../../../../../Users/s192070/OneDrive - Academy of Interactive Entertainment/UE4_Projects/Convergence/Content/_ConvergencePoint/Landscape/LanscapeLayerInfo/Sand_02_LayerInfo_Demonstration.uasset" 467
"../../../../../../Users/s192070/OneDrive - Academy of Interactive Entertainment/UE4_Projects/Convergence/Content/_ConvergencePoint/Landscape/LanscapeLayerInfo/Sand_03_LayerInfo_Demonstration.uasset" 468
"../../../../../../Users/s192070/OneDrive - Academy of Interactive Entertainment/UE4_Projects/Convergence/Content/_ConvergencePoint/Maps/ConvergencePoint_BuiltData.uasset" 469
"../../../Engine/Content/BasicShapes/BasicShapeMaterial.uasset" 470
"../../../Engine/Content/Functions/Engine_MaterialFunctions02/Utility/VectorLength.uasset" 471
"../../../../../../Users/s192070/OneDrive - Academy of Interactive Entertainment/UE4_Projects/Convergence/Content/_ConvergencePoint/Landscape/LandscapeMaterials/Function_DistanceFade.uasset" 472
"../../../../../../Users/s192070/OneDrive - Academy of Interactive Entertainment/UE4_Projects/Convergence/Content/_ConvergencePoint/Landscape/LandscapeTextures/T_Black.uasset" 473
"../../../../../../Users/s192070/OneDrive - Academy of Interactive Entertainment/UE4_Projects/Convergence/Content/_ConvergencePoint/Landscape/LandscapeTextures/T_DesertSand_Dif.uasset" 474
"../../../../../../Users/s192070/OneDrive - Academy of Interactive Entertainment/UE4_Projects/Convergence/Content/_ConvergencePoint/Landscape/LandscapeTextures/T_DesertSand_Norm.uasset" 475
"../../../../../../Users/s192070/OneDrive - Academy of Interactive Entertainment/UE4_Projects/Convergence/Content/_ConvergencePoint/Landscape/LandscapeTextures/T_Sand_Dif.uasset" 476
"../../../../../../Users/s192070/OneDrive - Academy of Interactive Entertainment/UE4_Projects/Convergence/Content/_ConvergencePoint/Landscape/LandscapeTextures/T_Sand_Norm.uasset" 477
"../../../../../../Users/s192070/OneDrive - Academy of Interactive Entertainment/UE4_Projects/Convergence/Content/_ConvergencePoint/Landscape/LandscapeTextures/T_Sand_Normal.uasset" 478
"../../../../../../Users/s192070/OneDrive - Academy of Interactive Entertainment/UE4_Projects/Convergence/Content/_ConvergencePoint/Landscape/LandscapeTextures/T_Sand_Specular.uasset" 479
"../../../../../../Users/s192070/OneDrive - Academy of Interactive Entertainment/UE4_Projects/Convergence/Content/_ConvergencePoint/Landscape/LandscapeTextures/T_SandPebbles_Dif.uasset" 480
"../../../../../../Users/s192070/OneDrive - Academy of Interactive Entertainment/UE4_Projects/Convergence/Content/_ConvergencePoint/Landscape/LandscapeTextures/T_SandPebbles_Norm.uasset" 481
"../../../../../../Users/s192070/OneDrive - Academy of Interactive Entertainment/UE4_Projects/Convergence/Content/_ConvergencePoint/Landscape/LandscapeTextures/T_SandPebbles_Spec.uasset" 482
"../../../../../../Users/s192070/OneDrive - Academy of Interactive Entertainment/UE4_Projects/Convergence/Content/_ConvergencePoint/Landscape/LandscapeTextures/T_WavySand_Dif.uasset" 483
"../../../../../../Users/s192070/OneDrive - Academy of Interactive Entertainment/UE4_Projects/Convergence/Content/_ConvergencePoint/Landscape/LandscapeTextures/T_WavySand_Norm.uasset" 484
"../../../../../../Users/s192070/OneDrive - Academy of Interactive Entertainment/UE4_Projects/Convergence/Content/_ConvergencePoint/Landscape/LandscapeMaterials/M_Ocean_Terrain.uasset" 485
"../../../../../../Users/s192070/OneDrive - Academy of Interactive Entertainment/UE4_Projects/Convergence/Content/_ConvergencePoint/Landscape/LandscapeTextures/T_DesertSand3_DISP.uasset" 486
"../../../../../../Users/s192070/OneDrive - Academy of Interactive Entertainment/UE4_Projects/Convergence/Content/_ConvergencePoint/Landscape/LandscapeTextures/T_DesertSand3_Norm.uasset" 487
"../../../../../../Users/s192070/OneDrive - Academy of Interactive Entertainment/UE4_Projects/Convergence/Content/_ConvergencePoint/Landscape/LandscapeTextures/T_Norm_Detail_Speckles.uasset" 488
"../../../../../../Users/s192070/OneDrive - Academy of Interactive Entertainment/UE4_Projects/Convergence/Content/_ConvergencePoint/Landscape/LandscapeTextures/T_RockPerforated_A_Dif.uasset" 489
"../../../../../../Users/s192070/OneDrive - Academy of Interactive Entertainment/UE4_Projects/Convergence/Content/_ConvergencePoint/Landscape/LandscapeTextures/T_RockPerforated_A_Norm.uasset" 490
"../../../../../../Users/s192070/OneDrive - Academy of Interactive Entertainment/UE4_Projects/Convergence/Content/_ConvergencePoint/Landscape/LandscapeTextures/T_SandwPebbles_B_Dif.uasset" 491
"../../../../../../Users/s192070/OneDrive - Academy of Interactive Entertainment/UE4_Projects/Convergence/Content/_ConvergencePoint/Landscape/LandscapeTextures/T_SandwPebbles_B_Norm.uasset" 492
"../../../../../../Users/s192070/OneDrive - Academy of Interactive Entertainment/UE4_Projects/Convergence/Content/_ConvergencePoint/Landscape/LandscapeTextures/T_SandwPebbles_B_Spec.uasset" 493
"../../../../../../Users/s192070/OneDrive - Academy of Interactive Entertainment/UE4_Projects/Convergence/Content/_ConvergencePoint/Landscape/LandscapeMaterials/MI_Ocean_Terrain_A.uasset" 494
"../../../Engine/Content/BasicShapes/Plane.uasset" 495
"../../../Engine/Content/EngineMaterials/DefaultPhysicalMaterial.uasset" 496
"../../../../../../Users/s192070/OneDrive - Academy of Interactive Entertainment/UE4_Projects/Convergence/Content/_ConvergencePoint/Assets/Corals/Textures/T_Coral_01_Purple_BaseColor.uasset" 497
"../../../../../../Users/s192070/OneDrive - Academy of Interactive Entertainment/UE4_Projects/Convergence/Content/_ConvergencePoint/Assets/Corals/Textures/T_Coral_01_Purple_Normal.uasset" 498
"../../../../../../Users/s192070/OneDrive - Academy of Interactive Entertainment/UE4_Projects/Convergence/Content/_ConvergencePoint/Assets/Corals/Textures/T_Coral_01_Purple_ORM.uasset" 499
"../../../../../../Users/s192070/OneDrive - Academy of Interactive Entertainment/UE4_Projects/Convergence/Content/_ConvergencePoint/Assets/Corals/Textures/T_Coral_01_Red_BaseColor.uasset" 500
"../../../../../../Users/s192070/OneDrive - Academy of Interactive Entertainment/UE4_Projects/Convergence/Content/_ConvergencePoint/Assets/Corals/Textures/T_Coral_01_Red_Normal.uasset" 501
"../../../../../../Users/s192070/OneDrive - Academy of Interactive Entertainment/UE4_Projects/Convergence/Content/_ConvergencePoint/Assets/Corals/Textures/T_Coral_01_Red_ORM.uasset" 502
"../../../../../../Users/s192070/OneDrive - Academy of Interactive Entertainment/UE4_Projects/Convergence/Content/_ConvergencePoint/Assets/Corals/Mat/Coral.uasset" 503
"../../../../../../Users/s192070/OneDrive - Academy of Interactive Entertainment/UE4_Projects/Convergence/Content/_ConvergencePoint/Assets/Corals/Mat/Coral_Purple.uasset" 504
"../../../../../../Users/s192070/OneDrive - Academy of Interactive Entertainment/UE4_Projects/Convergence/Content/_ConvergencePoint/Assets/Corals/SM_Coral_03.uasset" 505
"../../../../../../Users/s192070/OneDrive - Academy of Interactive Entertainment/UE4_Projects/Convergence/Content/_ConvergencePoint/Assets/Corals_02/MergedACtors/SM_CoralGroups_07_G1.uasset" 506
"../../../../../../Users/s192070/OneDrive - Academy of Interactive Entertainment/UE4_Projects/Convergence/Content/_ConvergencePoint/Assets/Corals_02/MergedACtors/SM_CoralGroups_07_G2.uasset" 507
"../../../../../../Users/s192070/OneDrive - Academy of Interactive Entertainment/UE4_Projects/Convergence/Content/_ConvergencePoint/Assets/Corals_02/Mat/Corals_14_16_MI.uasset" 508
"../../../../../../Users/s192070/OneDrive - Academy of Interactive Entertainment/UE4_Projects/Convergence/Content/_ConvergencePoint/Assets/Corals_02/MergedACtors/SM_CoralGroups_14_G1.uasset" 509
"../../../../../../Users/s192070/OneDrive - Academy of Interactive Entertainment/UE4_Projects/Convergence/Content/_ConvergencePoint/Assets/Corals_02/MergedACtors/SM_CoralGroups_14_G2.uasset" 510
"../../../../../../Users/s192070/OneDrive - Academy of Interactive Entertainment/UE4_Projects/Convergence/Content/_ConvergencePoint/Assets/Corals_02/MergedACtors/SM_Merged_Corals01.uasset" 511
"../../../../../../Users/s192070/OneDrive - Academy of Interactive Entertainment/UE4_Projects/Convergence/Content/_ConvergencePoint/Assets/Corals_02/MergedACtors/SM_Merged_CoralsPillar01.uasset" 512
"../../../../../../Users/s192070/OneDrive - Academy of Interactive Entertainment/UE4_Projects/Convergence/Content/_ConvergencePoint/Assets/Corals_02/MergedACtors/SM_MERGED_SM_Corals_Coral14_4.uasset" 513
"../../../../../../Users/s192070/OneDrive - Academy of Interactive Entertainment/UE4_Projects/Convergence/Content/_ConvergencePoint/Assets/Corals_02/MergedACtors/SM_MERGED_SM_Corals_Coral14_50.uasset" 514
"../../../../../../Users/s192070/OneDrive - Academy of Interactive Entertainment/UE4_Projects/Convergence/Content/_ConvergencePoint/Assets/Corals_02/MergedACtors/SM_MERGED_SM_Corals_Coral14_8.uasset" 515
"../../../../../../Users/s192070/OneDrive - Academy of Interactive Entertainment/UE4_Projects/Convergence/Content/_ConvergencePoint/Assets/Creatures/Fishes/T_BlueFish_2.uasset" 516
"../../../../../../Users/s192070/OneDrive - Academy of Interactive Entertainment/UE4_Projects/Convergence/Content/_ConvergencePoint/Assets/Creatures/Fishes/M_BlueFish_Inst.uasset" 517
"../../../../../../Users/s192070/OneDrive - Academy of Interactive Entertainment/UE4_Projects/Convergence/Content/_ConvergencePoint/Assets/Creatures/Fishes/SM_BlueFish.uasset" 518
"../../../../../../Users/s192070/OneDrive - Academy of Interactive Entertainment/UE4_Projects/Convergence/Content/_ConvergencePoint/Assets/Creatures/Fishes/T_Clownfish.uasset" 519
"../../../../../../Users/s192070/OneDrive - Academy of Interactive Entertainment/UE4_Projects/Convergence/Content/_ConvergencePoint/Assets/Creatures/Fishes/M_ClownFish_Inst.uasset" 520
"../../../../../../Users/s192070/OneDrive - Academy of Interactive Entertainment/UE4_Projects/Convergence/Content/_ConvergencePoint/Assets/Creatures/Fishes/SM_ClownFish.uasset" 521
"../../../../../../Users/s192070/OneDrive - Academy of Interactive Entertainment/UE4_Projects/Convergence/Content/_ConvergencePoint/Assets/Rocks/Texture/Rocks_atlas_BaseColor.uasset" 522
"../../../../../../Users/s192070/OneDrive - Academy of Interactive Entertainment/UE4_Projects/Convergence/Content/_ConvergencePoint/Assets/Rocks/Texture/Rocks_atlas_Normal.uasset" 523
"../../../../../../Users/s192070/OneDrive - Academy of Interactive Entertainment/UE4_Projects/Convergence/Content/_ConvergencePoint/Assets/Rocks/Texture/Rocks_atlas_Roughness.uasset" 524
"../../../../../../Users/s192070/OneDrive - Academy of Interactive Entertainment/UE4_Projects/Convergence/Content/_ConvergencePoint/Assets/Rocks/Mat/Rock_M.uasset" 525
"../../../../../../Users/s192070/OneDrive - Academy of Interactive Entertainment/UE4_Projects/Convergence/Content/_ConvergencePoint/Assets/Rocks/Mesh/shxxJ_LOD2.uasset" 526
"../../../../../../Users/s192070/OneDrive - Academy of Interactive Entertainment/UE4_Projects/Convergence/Content/_ConvergencePoint/Assets/Rocks/Mesh/SM_Rock_02.uasset" 527
"../../../../../../Users/s192070/OneDrive - Academy of Interactive Entertainment/UE4_Projects/Convergence/Content/_ConvergencePoint/Assets/Rocks/Mesh/tbiv1_LOD3.uasset" 528
"../../../../../../Users/s192070/OneDrive - Academy of Interactive Entertainment/UE4_Projects/Convergence/Content/_ConvergencePoint/Assets/Rocks/Mesh/tblxE_LOD3.uasset" 529
"../../../../../../Users/s192070/OneDrive - Academy of Interactive Entertainment/UE4_Projects/Convergence/Content/_ConvergencePoint/Assets/SkyScraper_01/T_SkyScraper_01_BaseColor_Floor.uasset" 530
"../../../../../../Users/s192070/OneDrive - Academy of Interactive Entertainment/UE4_Projects/Convergence/Content/_ConvergencePoint/Assets/SkyScraper_01/T_SkyScraper_01_Normal_Floor.uasset" 531
"../../../../../../Users/s192070/OneDrive - Academy of Interactive Entertainment/UE4_Projects/Convergence/Content/_ConvergencePoint/Assets/SkyScraper_01/T_SkyScraper_01_ORM_Floor.uasset" 532
"../../../../../../Users/s192070/OneDrive - Academy of Interactive Entertainment/UE4_Projects/Convergence/Content/_ConvergencePoint/Assets/SkyScraper_01/M_Floor_Inst.uasset" 533
"../../../../../../Users/s192070/OneDrive - Academy of Interactive Entertainment/UE4_Projects/Convergence/Content/_ConvergencePoint/Assets/SkyScraper_01/T_SkyScraper_01_BaseColor_Pillar.uasset" 534
"../../../../../../Users/s192070/OneDrive - Academy of Interactive Entertainment/UE4_Projects/Convergence/Content/_ConvergencePoint/Assets/SkyScraper_01/T_SkyScraper_01_Normal_Pillar.uasset" 535
"../../../../../../Users/s192070/OneDrive - Academy of Interactive Entertainment/UE4_Projects/Convergence/Content/_ConvergencePoint/Assets/SkyScraper_01/T_SkyScraper_01_ORM_Pillar.uasset" 536
"../../../../../../Users/s192070/OneDrive - Academy of Interactive Entertainment/UE4_Projects/Convergence/Content/_ConvergencePoint/Assets/SkyScraper_01/M_Pillars_Inst.uasset" 537
"../../../../../../Users/s192070/OneDrive - Academy of Interactive Entertainment/UE4_Projects/Convergence/Content/_ConvergencePoint/Assets/SkyScraper_01/SM_SkyScraper_01.uasset" 538
"../../../../../../Users/s192070/OneDrive - Academy of Interactive Entertainment/UE4_Projects/Convergence/Content/_ConvergencePoint/Assets/Sphinx/SM_sphinx_R_hand_low.uasset" 539
"../../../../../../Users/s192070/OneDrive - Academy of Interactive Entertainment/UE4_Projects/Convergence/Content/_ConvergencePoint/Assets/StatueOfLiberty/Tablet/SM_Tablet_Clean.uasset" 540
"../../../../../../Users/s192070/OneDrive - Academy of Interactive Entertainment/UE4_Projects/Convergence/Content/_ConvergencePoint/Assets/Train/MergedActors/SM_Merged_Pillar_11Pieces.uasset" 541
"../../../../../../Users/s192070/OneDrive - Academy of Interactive Entertainment/UE4_Projects/Convergence/Content/_ConvergencePoint/Assets/Train/MergedActors/SM_Merged_Pillar_3Piece.uasset" 542
"../../../../../../Users/s192070/OneDrive - Academy of Interactive Entertainment/UE4_Projects/Convergence/Content/_ConvergencePoint/Assets/Train/MergedActors/SM_Merged_Pillar_4Piece.uasset" 543
"../../../../../../Users/s192070/OneDrive - Academy of Interactive Entertainment/UE4_Projects/Convergence/Content/_ConvergencePoint/Assets/Train/MergedActors/SM_Merged_Pillar_5Piece.uasset" 544
"../../../../../../Users/s192070/OneDrive - Academy of Interactive Entertainment/UE4_Projects/Convergence/Content/_ConvergencePoint/Assets/Train/MergedActors/SM_Merged_Pillar_8Piece.uasset" 545
"../../../../../../Users/s192070/OneDrive - Academy of Interactive Entertainment/UE4_Projects/Convergence/Content/_ConvergencePoint/Assets/Train/MergedActors/SM_MERGED_SM_Train_Pillar_Body54.uasset" 546
"../../../../../../Users/s192070/OneDrive - Academy of Interactive Entertainment/UE4_Projects/Convergence/Content/_ConvergencePoint/Assets/Train/SM_Train_Pillar_Body.uasset" 547
"../../../../../../Users/s192070/OneDrive - Academy of Interactive Entertainment/UE4_Projects/Convergence/Content/_ConvergencePoint/Assets/Train/SM_Train_Track_Broken.uasset" 548
"../../../../../../Users/s192070/OneDrive - Academy of Interactive Entertainment/UE4_Projects/Convergence/Content/_ConvergencePoint/Assets/Train/SM_Train_Track_Curve.uasset" 549
"../../../../../../Users/s192070/OneDrive - Academy of Interactive Entertainment/UE4_Projects/Convergence/Content/_ConvergencePoint/Assets/Train/SM_Train_Track_Straight.uasset" 550
"../../../../../../Users/s192070/OneDrive - Academy of Interactive Entertainment/UE4_Projects/Convergence/Content/_ConvergencePoint/Assets/Train/SM_Train_Train_Intact.uasset" 551
"../../../../../../Users/s192070/OneDrive - Academy of Interactive Entertainment/UE4_Projects/Convergence/Content/_ConvergencePoint/Audio/Files/lukas_tvrdon_ambience_underwater_coral_sea_065.uasset" 552
"../../../Engine/Content/EngineMaterials/BlendFunc_DefBase.uasset" 553
"../../../Engine/Content/EngineMaterials/BlendFunc_DefBlend.uasset" 554
"../../../Engine/Content/Functions/Engine_MaterialFunctions03/Blends/Blend_Overlay.uasset" 555
"../../../../../../Users/s192070/OneDrive - Academy of Interactive Entertainment/UE4_Projects/Convergence/Content/_ConvergencePoint/Effects/TEx/T_Debris_BC.uasset" 556
"../../../../../../Users/s192070/OneDrive - Academy of Interactive Entertainment/UE4_Projects/Convergence/Content/_ConvergencePoint/Effects/Mat/M_Debris.uasset" 557
"../../../../../../Users/s192070/OneDrive - Academy of Interactive Entertainment/UE4_Projects/Convergence/Content/_ConvergencePoint/Effects/Partciles/PS_Debris.uasset" 558
"../../../../../../Users/s192070/OneDrive - Academy of Interactive Entertainment/UE4_Projects/Convergence/Content/_ConvergencePoint/Particles/PS_Bubbles.uasset" 559
"../../../../../../Users/s192070/OneDrive - Academy of Interactive Entertainment/UE4_Projects/Convergence/Content/_ConvergencePoint/Maps/ConvergencePoint.umap" 560
"../../../Engine/Content/EngineSky/C_Sky_Cloud_Color.uasset" 561
"../../../Engine/Content/EngineSky/C_Sky_Horizon_Color.uasset" 562
"../../../Engine/Content/EngineSky/C_Sky_Zenith_Color.uasset" 563
"../../../Engine/Content/EngineSky/T_Sky_Blue.uasset" 564
"../../../Engine/Content/EngineSky/T_Sky_Clouds_M.uasset" 565
"../../../Engine/Content/EngineSky/T_Sky_Stars.uasset" 566
"../../../Engine/Content/EngineSky/M_Sky_Panning_Clouds2.uasset" 567
"../../../Engine/Content/EngineSky/SM_SkySphere.uasset" 568
"../../../Engine/Content/EngineSky/BP_Sky_Sphere.uasset" 569
"../../../../../../Users/s192070/OneDrive - Academy of Interactive Entertainment/UE4_Projects/Convergence/Content/_ConvergencePoint/Maps/Lighting_BuiltData.uasset" 570
"../../../../../../Users/s192070/OneDrive - Academy of Interactive Entertainment/UE4_Projects/Convergence/Content/_ConvergencePoint/Effects/TEx/T_Ocean_BC.uasset" 571
"../../../../../../Users/s192070/OneDrive - Academy of Interactive Entertainment/UE4_Projects/Convergence/Content/_ConvergencePoint/Effects/TEx/T_Ocean_DP.uasset" 572
"../../../../../../Users/s192070/OneDrive - Academy of Interactive Entertainment/UE4_Projects/Convergence/Content/_ConvergencePoint/Effects/TEx/T_Ocean_N.uasset" 573
"../../../../../../Users/s192070/OneDrive - Academy of Interactive Entertainment/UE4_Projects/Convergence/Content/_ConvergencePoint/Effects/Mat/M_Ocean.uasset" 574
"../../../../../../Users/s192070/OneDrive - Academy of Interactive Entertainment/UE4_Projects/Convergence/Content/_ConvergencePoint/Material/M_InteractiveOutline.uasset" 575
"../../../../../../Users/s192070/OneDrive - Academy of Interactive Entertainment/UE4_Projects/Convergence/Content/_ConvergencePoint/Material/M_ScreenWave.uasset" 576
"../../../Engine/Content/Functions/Engine_MaterialFunctions02/Math/TimeWithSpeedVariable.uasset" 577
"../../../../../../Users/s192070/OneDrive - Academy of Interactive Entertainment/UE4_Projects/Convergence/Content/_ConvergencePoint/Effects/TEx/T_CausticFlowMap.uasset" 578
"../../../../../../Users/s192070/OneDrive - Academy of Interactive Entertainment/UE4_Projects/Convergence/Content/_ConvergencePoint/Effects/TEx/T_Caustics.uasset" 579
"../../../../../../Users/s192070/OneDrive - Academy of Interactive Entertainment/UE4_Projects/Convergence/Content/_ConvergencePoint/Effects/Mat/M_Caustics.uasset" 580
"../../../../../../Users/s192070/OneDrive - Academy of Interactive Entertainment/UE4_Projects/Convergence/Content/_ConvergencePoint/Effects/Mat/MI_Caustics.uasset" 581
"../../../../../../Users/s192070/OneDrive - Academy of Interactive Entertainment/UE4_Projects/Convergence/Content/_ConvergencePoint/Maps/Lighting.umap" 582
"../../../../../../Users/s192070/OneDrive - Academy of Interactive Entertainment/UE4_Projects/Convergence/Content/Movies/Title_screen_02.uasset" 583
"../../../../../../Users/s192070/OneDrive - Academy of Interactive Entertainment/UE4_Projects/Convergence/Content/Movies/TItle_mediaPlayer.uasset" 584
"../../../../../../Users/s192070/OneDrive - Academy of Interactive Entertainment/UE4_Projects/Convergence/Content/Movies/TItle_mediaPlayer_Video.uasset" 585
"../../../../../../Users/s192070/OneDrive - Academy of Interactive Entertainment/UE4_Projects/Convergence/Content/_ConvergencePoint/Widgets/UI/UI_title.uasset" 586
"../../../../../../Users/s192070/OneDrive - Academy of Interactive Entertainment/UE4_Projects/Convergence/Content/_ConvergencePoint/Widgets/UI/UI_title_bc.uasset" 587
"../../../../../../Users/s192070/OneDrive - Academy of Interactive Entertainment/UE4_Projects/Convergence/Content/_ConvergencePoint/Widgets/UI/UI_title_button.uasset" 588
"../../../../../../Users/s192070/OneDrive - Academy of Interactive Entertainment/UE4_Projects/Convergence/Content/_ConvergencePoint/Widgets/UI/UI_title_glow.uasset" 589
"../../../../../../Users/s192070/OneDrive - Academy of Interactive Entertainment/UE4_Projects/Convergence/Content/_ConvergencePoint/Widgets/MainWidgets/StartMenuWidget.uasset" 590
"../../../../../../Users/s192070/OneDrive - Academy of Interactive Entertainment/UE4_Projects/Convergence/Content/_ConvergencePoint/Widgets/MainWidgets/LoadingScreenWidget.uasset" 591
"../../../../../../Users/s192070/OneDrive - Academy of Interactive Entertainment/UE4_Projects/Convergence/Content/_ConvergencePoint/Maps/Start.umap" 592
"../../../Engine/Content/Maps/Entry_BuiltData.uasset" 593
"../../../Engine/Content/Maps/Entry.umap" 594
